#
# A fatal error has been detected by the Java Runtime Environment:
#
#  EXCEPTION_ACCESS_VIOLATION (0xc0000005) at pc=0x00000000032c53fb, pid=2980, tid=0x0000000000001858
#
# JRE version: OpenJDK Runtime Environment (8.0_232-b09) (build 1.8.0_232-b09)
# Java VM: OpenJDK 64-Bit Server VM (25.232-b09 mixed mode windows-amd64 compressed oops)
# Problematic frame:
# J 2857 C1 org.apache.maven.model.merge.ModelMerger.mergeModel_InceptionYear(Lorg/apache/maven/model/Model;Lorg/apache/maven/model/Model;ZLjava/util/Map;)V (41 bytes) @ 0x00000000032c53fb [0x00000000032c53a0+0x5b]
#
# Failed to write core dump. Minidumps are not enabled by default on client versions of Windows
#
# If you would like to submit a bug report, please visit:
#   
#

---------------  T H R E A D  ---------------

Current thread (0x0000000002287000):  JavaThread "main" [_thread_in_Java, id=6232, stack(0x0000000002640000,0x0000000002740000)]

siginfo: ExceptionCode=0xc0000005, reading address 0x00000000bca4baae

Registers:
RAX=0x0000000000000c08, RBX=0x000000005998d550, RCX=0x00000000d7491660, RDX=0x00000000df1bbed8
RSP=0x000000000273d0f0, RBP=0x000000000273d4c0, RSI=0x00000000d74945b0, RDI=0x0000000000000000
R8 =0x00000000d7484cc8, R9 =0x00000000bca4ba52, R10=0x000000000ca985c6, R11=0x0000000000000000
R12=0x0000000000000000, R13=0x00000000d74945b0, R14=0x00000000d64a2c70, R15=0x0000000002287000
RIP=0x00000000032c53fb, EFLAGS=0x0000000000010202

Top of Stack: (sp=0x000000000273d0f0)
0x000000000273d0f0:   00000000d74948e0 00000000d7491568
0x000000000273d100:   0000000002287000 00000000d64a2c70
0x000000000273d110:   00000000d74945b0 0000000000000000
0x000000000273d120:   0000000000000000 000000000ca985c6
0x000000000273d130:   00000000bca4ba52 00000000d7484cc8
0x000000000273d140:   0000000000000000 00000000d74945b0
0x000000000273d150:   000000000273d190 000000000273d180
0x000000000273d160:   000000005998d550 00000000df1bbed8
0x000000000273d170:   00000000d7491660 00000000032c53c0
0x000000000273d180:   00000000df1bbed8 0000000000000246
0x000000000273d190:   000000000273d4c0 0000000003372834
0x000000000273d1a0:   000000000273d548 0000000002ede21c
0x000000000273d1b0:   00000000d74945b0 00000000031bf680
0x000000000273d1c0:   00000000d74945b0 00000000bca4ba52
0x000000000273d1d0:   00000000d7484cc8 00000000d7490df8
0x000000000273d1e0:   0000000000000000 00000000d74945b0 

Instructions: (pc=0x00000000032c53fb)
0x00000000032c53db:   08 83 c0 08 89 43 08 48 bb 50 d5 98 59 00 00 00
0x00000000032c53eb:   00 81 e0 f8 3f 00 00 83 f8 00 0f 84 70 01 00 00
0x00000000032c53fb:   41 8b 51 5c 48 83 fa 00 0f 84 53 01 00 00 83 ff
0x00000000032c540b:   00 0f 85 0e 00 00 00 41 8b 70 5c 48 83 fe 00 0f 


Register to memory mapping:

RAX=0x0000000000000c08 is an unknown value
RBX={method} {0x000000005998d558} 'mergeModel_InceptionYear' '(Lorg/apache/maven/model/Model;Lorg/apache/maven/model/Model;ZLjava/util/Map;)V' in 'org/apache/maven/model/merge/ModelMerger'
RCX=0x00000000d7491660 is an oop
java.util.LinkedHashMap 
 - klass: 'java/util/LinkedHashMap'
RDX=0x00000000df1bbed8 is an oop
org.apache.maven.model.inheritance.DefaultInheritanceAssembler$InheritanceModelMerger 
 - klass: 'org/apache/maven/model/inheritance/DefaultInheritanceAssembler$InheritanceModelMerger'
RSP=0x000000000273d0f0 is pointing into the stack for thread: 0x0000000002287000
RBP=0x000000000273d4c0 is pointing into the stack for thread: 0x0000000002287000
RSI=0x00000000d74945b0 is an oop
java.util.HashMap 
 - klass: 'java/util/HashMap'
RDI=0x0000000000000000 is an unknown value
R8 =0x00000000d7484cc8 is an oop
org.apache.maven.model.Model 
 - klass: 'org/apache/maven/model/Model'
R9 =0x00000000bca4ba52 is an unallocated location in the heap
R10=0x000000000ca985c6 is an unknown value
R11=0x0000000000000000 is an unknown value
R12=0x0000000000000000 is an unknown value
R13=0x00000000d74945b0 is an oop
java.util.HashMap 
 - klass: 'java/util/HashMap'
R14=0x00000000d64a2c70 is an oop
java.lang.String 
 - klass: 'java/lang/String'
R15=0x0000000002287000 is a thread


Stack: [0x0000000002640000,0x0000000002740000],  sp=0x000000000273d0f0,  free space=1012k
Native frames: (J=compiled Java code, j=interpreted, Vv=VM code, C=native code)
C  0x00000000032c53fb


---------------  P R O C E S S  ---------------

Java Threads: ( => current thread )
  0x00000000579ea000 JavaThread "Service Thread" daemon [_thread_blocked, id=8024, stack(0x00000000589e0000,0x0000000058ae0000)]
  0x00000000579e6000 JavaThread "C1 CompilerThread1" daemon [_thread_blocked, id=6600, stack(0x0000000058b70000,0x0000000058c70000)]
  0x0000000057982800 JavaThread "C2 CompilerThread0" daemon [_thread_in_native, id=7988, stack(0x00000000588c0000,0x00000000589c0000)]
  0x0000000057994800 JavaThread "Attach Listener" daemon [_thread_blocked, id=4816, stack(0x0000000058770000,0x0000000058870000)]
  0x0000000057993800 JavaThread "Signal Dispatcher" daemon [_thread_blocked, id=1836, stack(0x0000000058590000,0x0000000058690000)]
  0x00000000572e5000 JavaThread "Finalizer" daemon [_thread_blocked, id=6444, stack(0x0000000058160000,0x0000000058260000)]
  0x00000000572db800 JavaThread "Reference Handler" daemon [_thread_blocked, id=1684, stack(0x00000000583f0000,0x00000000584f0000)]
=>0x0000000002287000 JavaThread "main" [_thread_in_Java, id=6232, stack(0x0000000002640000,0x0000000002740000)]

Other Threads:
  0x0000000057971800 VMThread [stack: 0x0000000058270000,0x0000000058370000] [id=5408]
  0x00000000579ed000 WatcherThread [stack: 0x0000000058cd0000,0x0000000058dd0000] [id=916]

VM state:not at safepoint (normal execution)

VM Mutex/Monitor currently owned by a thread: None

heap address: 0x0000000082400000, size: 2012 MB, Compressed Oops mode: 32-bit
Narrow klass base: 0x0000000000000000, Narrow klass shift: 0
Compressed class space size: 1073741824 Address: 0x00000000168f0000

Heap:
 PSYoungGen      total 144896K, used 31493K [0x00000000d6180000, 0x00000000dfc80000, 0x0000000100000000)
  eden space 131072K, 16% used [0x00000000d6180000,0x00000000d7615608,0x00000000de180000)
  from space 13824K, 75% used [0x00000000def00000,0x00000000df92c010,0x00000000dfc80000)
  to   space 13824K, 0% used [0x00000000de180000,0x00000000de180000,0x00000000def00000)
 ParOldGen       total 86016K, used 16430K [0x0000000082400000, 0x0000000087800000, 0x00000000d6180000)
  object space 86016K, 19% used [0x0000000082400000,0x000000008340bab0,0x0000000087800000)
 Metaspace       used 16413K, capacity 16656K, committed 16768K, reserved 1064960K
  class space    used 1805K, capacity 1920K, committed 1920K, reserved 1048576K

Card table byte_map: [0x0000000011dd0000,0x00000000121c0000] byte_map_base: 0x00000000119be000

Marking Bits: (ParMarkBitMap*) 0x000000006e42a170
 Begin Bits: [0x0000000012620000, 0x0000000014590000)
 End Bits:   [0x0000000014590000, 0x0000000016500000)

Polling page: 0x00000000000b0000

CodeCache: size=245760Kb used=9648Kb max_used=9674Kb free=236111Kb
 bounds [0x0000000002a10000, 0x0000000003390000, 0x0000000011a10000]
 total_blobs=3455 nmethods=3089 adapters=280
 compilation: enabled

Compilation events (250 events):
Event: 4.069 Thread 0x0000000057982800 nmethod 2713 0x000000000331b590 code [0x000000000331b6e0, 0x000000000331b778]
Event: 4.069 Thread 0x0000000057982800 2777       4       org.eclipse.aether.artifact.DefaultArtifact::emptify (11 bytes)
Event: 4.069 Thread 0x0000000057982800 nmethod 2777 0x00000000030e9f50 code [0x00000000030ea080, 0x00000000030ea0d8]
Event: 4.069 Thread 0x0000000057982800 2808       4       java.util.HashMap::entrySet (27 bytes)
Event: 4.069 Thread 0x00000000579e6000 2967       3       org.apache.maven.model.composition.DefaultDependencyManagementImporter::importManagement (224 bytes)
Event: 4.070 Thread 0x0000000057982800 nmethod 2808 0x0000000003316fd0 code [0x0000000003317120, 0x00000000033171f8]
Event: 4.070 Thread 0x0000000057982800 2952       4       java.util.regex.Pattern$Dot::isSatisfiedBy (34 bytes)
Event: 4.070 Thread 0x0000000057982800 nmethod 2952 0x0000000003316cd0 code [0x0000000003316e20, 0x0000000003316ed8]
Event: 4.070 Thread 0x0000000057982800 2907       4       java.lang.StringBuilder::append (10 bytes)
Event: 4.071 Thread 0x00000000579e6000 nmethod 2967 0x000000000331d050 code [0x000000000331d440, 0x000000000331f908]
Event: 4.074 Thread 0x00000000579e6000 2969       3       java.nio.charset.Charset::isSupported (13 bytes)
Event: 4.074 Thread 0x00000000579e6000 nmethod 2969 0x0000000003316910 code [0x0000000003316a80, 0x0000000003316c48]
Event: 4.074 Thread 0x00000000579e6000 2970       3       java.nio.charset.Charset::forName (20 bytes)
Event: 4.074 Thread 0x00000000579e6000 nmethod 2970 0x0000000003316450 code [0x00000000033165c0, 0x00000000033167d8]
Event: 4.077 Thread 0x00000000579e6000 2974       3       java.util.regex.Matcher::end (22 bytes)
Event: 4.077 Thread 0x00000000579e6000 nmethod 2974 0x000000000331cb90 code [0x000000000331cd00, 0x000000000331cf68]
Event: 4.077 Thread 0x00000000579e6000 2976   !   3       org.apache.maven.model.DeploymentRepository::clone (51 bytes)
Event: 4.078 Thread 0x00000000579e6000 nmethod 2976 0x0000000003319a50 code [0x0000000003319c80, 0x000000000331a8a8]
Event: 4.079 Thread 0x0000000057982800 nmethod 2907 0x000000000331bed0 code [0x000000000331c040, 0x000000000331c658]
Event: 4.079 Thread 0x0000000057982800 2973       4       java.util.HashMap$HashIterator::nextNode (100 bytes)
Event: 4.081 Thread 0x00000000579e6000 2982 %     3       org.codehaus.plexus.interpolation.reflection.ReflectionValueExtractor::evaluate @ 118 (242 bytes)
Event: 4.082 Thread 0x0000000057982800 nmethod 2973 0x0000000003320ed0 code [0x0000000003321020, 0x00000000033211f8]
Event: 4.082 Thread 0x0000000057982800 2972       4       org.apache.maven.model.io.xpp3.MavenXpp3Reader::parseDependency (468 bytes)
Event: 4.083 Thread 0x00000000579e6000 nmethod 2982% 0x0000000003324110 code [0x0000000003324500, 0x00000000033268b8]
Event: 4.083 Thread 0x00000000579e6000 2983       3       org.codehaus.plexus.interpolation.reflection.ReflectionValueExtractor::evaluate (242 bytes)
Event: 4.085 Thread 0x00000000579e6000 nmethod 2983 0x0000000003327c90 code [0x0000000003328080, 0x000000000332a378]
Event: 4.133 Thread 0x00000000579e6000 2985       2       org.eclipse.aether.util.graph.selector.ExclusionDependencySelector::matches (23 bytes)
Event: 4.133 Thread 0x00000000579e6000 nmethod 2985 0x000000000331ba90 code [0x000000000331bc00, 0x000000000331bdd8]
Event: 4.134 Thread 0x00000000579e6000 2986       2       org.eclipse.aether.util.graph.selector.ExclusionDependencySelector::selectDependency (50 bytes)
Event: 4.134 Thread 0x00000000579e6000 nmethod 2986 0x0000000003319510 code [0x0000000003319680, 0x00000000033198c8]
Event: 4.134 Thread 0x00000000579e6000 2987       2       org.eclipse.aether.resolution.ArtifactDescriptorRequest::setArtifact (7 bytes)
Event: 4.134 Thread 0x00000000579e6000 nmethod 2987 0x0000000003323dd0 code [0x0000000003323f20, 0x0000000003324090]
Event: 4.134 Thread 0x00000000579e6000 2988       2       org.eclipse.aether.resolution.ArtifactDescriptorRequest::setRepositories (21 bytes)
Event: 4.134 Thread 0x00000000579e6000 nmethod 2988 0x0000000003323a50 code [0x0000000003323ba0, 0x0000000003323d30]
Event: 4.134 Thread 0x00000000579e6000 2989       2       org.eclipse.aether.resolution.ArtifactDescriptorRequest::setRequestContext (16 bytes)
Event: 4.135 Thread 0x00000000579e6000 nmethod 2989 0x0000000003323710 code [0x0000000003323860, 0x00000000033239d0]
Event: 4.135 Thread 0x00000000579e6000 2990       2       org.eclipse.aether.resolution.ArtifactDescriptorRequest::setTrace (7 bytes)
Event: 4.135 Thread 0x00000000579e6000 nmethod 2990 0x00000000033233d0 code [0x0000000003323520, 0x0000000003323690]
Event: 4.135 Thread 0x00000000579e6000 2991       2       org.eclipse.aether.graph.Dependency$Exclusions$1::next (5 bytes)
Event: 4.135 Thread 0x00000000579e6000 nmethod 2991 0x0000000003322dd0 code [0x0000000003322f40, 0x0000000003323188]
Event: 4.135 Thread 0x00000000579e6000 2992       2       org.eclipse.aether.resolution.ArtifactDescriptorRequest::<init> (18 bytes)
Event: 4.135 Thread 0x00000000579e6000 nmethod 2992 0x0000000003322a50 code [0x0000000003322ba0, 0x0000000003322d30]
Event: 4.136 Thread 0x00000000579e6000 2993       2       org.eclipse.aether.graph.DefaultDependencyNode::setRepositories (29 bytes)
Event: 4.136 Thread 0x00000000579e6000 nmethod 2993 0x0000000003322650 code [0x00000000033227c0, 0x00000000033229a8]
Event: 4.136 Thread 0x00000000579e6000 2994       2       org.eclipse.aether.graph.DefaultDependencyNode::setRequestContext (15 bytes)
Event: 4.136 Thread 0x00000000579e6000 nmethod 2994 0x0000000003322310 code [0x0000000003322460, 0x00000000033225d0]
Event: 4.136 Thread 0x00000000579e6000 2995       2       org.eclipse.aether.util.graph.manager.ClassicDependencyManager::manageDependency (361 bytes)
Event: 4.138 Thread 0x00000000579e6000 nmethod 2995 0x000000000332b6d0 code [0x000000000332b9e0, 0x000000000332c7a8]
Event: 4.138 Thread 0x00000000579e6000 2996       2       org.eclipse.aether.internal.impl.collect.DefaultDependencyCollector$PremanagedDependency::<init> (88 bytes)
Event: 4.138 Thread 0x00000000579e6000 nmethod 2996 0x0000000003321b10 code [0x0000000003321ca0, 0x00000000033220d8]
Event: 4.138 Thread 0x00000000579e6000 2997       2       org.eclipse.aether.resolution.VersionRangeRequest::<init> (18 bytes)
Event: 4.139 Thread 0x00000000579e6000 nmethod 2997 0x0000000003321790 code [0x00000000033218e0, 0x0000000003321a70]
Event: 4.139 Thread 0x00000000579e6000 2998       2       org.eclipse.aether.internal.impl.collect.DataPool::toKey (9 bytes)
Event: 4.139 Thread 0x00000000579e6000 nmethod 2998 0x0000000003321310 code [0x0000000003321480, 0x0000000003321688]
Event: 4.139 Thread 0x00000000579e6000 2999       2       org.eclipse.aether.internal.impl.collect.DataPool::getConstraint (26 bytes)
Event: 4.139 Thread 0x00000000579e6000 nmethod 2999 0x000000000332d250 code [0x000000000332d3c0, 0x000000000332d5b8]
Event: 4.139 Thread 0x00000000579e6000 3000       2       org.eclipse.aether.internal.impl.collect.DataPool::toKey (5 bytes)
Event: 4.139 Thread 0x00000000579e6000 nmethod 3000 0x000000000332d6d0 code [0x000000000332d820, 0x000000000332d970]
Event: 4.139 Thread 0x00000000579e6000 3001       2       org.eclipse.aether.internal.impl.collect.DataPool::getDescriptor (26 bytes)
Event: 4.139 Thread 0x00000000579e6000 nmethod 3001 0x000000000332da10 code [0x000000000332db80, 0x000000000332dd78]
Event: 4.139 Thread 0x00000000579e6000 3002       2       org.eclipse.aether.graph.DefaultDependencyNode::<init> (70 bytes)
Event: 4.140 Thread 0x00000000579e6000 nmethod 3002 0x000000000332de50 code [0x000000000332dfc0, 0x000000000332e288]
Event: 4.140 Thread 0x00000000579e6000 3003       2       org.eclipse.aether.internal.impl.collect.DefaultDependencyCollector$PremanagedDependency::applyTo (66 bytes)
Event: 4.140 Thread 0x00000000579e6000 nmethod 3003 0x000000000332e390 code [0x000000000332e520, 0x000000000332e788]
Event: 4.140 Thread 0x00000000579e6000 3004       2       org.eclipse.aether.graph.DefaultDependencyNode::setRelocations (29 bytes)
Event: 4.140 Thread 0x00000000579e6000 nmethod 3004 0x000000000332e8d0 code [0x000000000332ea40, 0x000000000332ec28]
Event: 4.140 Thread 0x00000000579e6000 3005       2       org.eclipse.aether.graph.DefaultDependencyNode::setVersionConstraint (6 bytes)
Event: 4.140 Thread 0x00000000579e6000 nmethod 3005 0x000000000332ecd0 code [0x000000000332ee20, 0x000000000332ef90]
Event: 4.140 Thread 0x00000000579e6000 3006       2       org.eclipse.aether.graph.DefaultDependencyNode::setVersion (6 bytes)
Event: 4.140 Thread 0x00000000579e6000 nmethod 3006 0x000000000332f010 code [0x000000000332f160, 0x000000000332f2d0]
Event: 4.140 Thread 0x00000000579e6000 3007       2       org.eclipse.aether.graph.DefaultDependencyNode::setAliases (29 bytes)
Event: 4.141 Thread 0x00000000579e6000 nmethod 3007 0x000000000332f350 code [0x000000000332f4c0, 0x000000000332f6a8]
Event: 4.141 Thread 0x00000000579e6000 3008       2       org.eclipse.aether.util.graph.selector.AndDependencySelector::deriveChildSelector (219 bytes)
Event: 4.142 Thread 0x00000000579e6000 nmethod 3008 0x000000000332f750 code [0x000000000332f9e0, 0x0000000003330328]
Event: 4.142 Thread 0x00000000579e6000 3009       2       org.eclipse.aether.util.graph.selector.ScopeDependencySelector::deriveChildSelector (35 bytes)
Event: 4.142 Thread 0x00000000579e6000 nmethod 3009 0x0000000003330910 code [0x0000000003330a80, 0x0000000003330cb0]
Event: 4.142 Thread 0x00000000579e6000 3010       2       org.eclipse.aether.util.graph.selector.OptionalDependencySelector::deriveChildSelector (24 bytes)
Event: 4.142 Thread 0x00000000579e6000 nmethod 3010 0x0000000003330d90 code [0x0000000003330ee0, 0x0000000003331090]
Event: 4.142 Thread 0x00000000579e6000 3011       2       org.eclipse.aether.util.graph.selector.ExclusionDependencySelector::deriveChildSelector (248 bytes)
Event: 4.143 Thread 0x00000000579e6000 nmethod 3011 0x0000000003331150 code [0x0000000003331380, 0x0000000003331ff8]
Event: 4.143 Thread 0x00000000579e6000 3012       2       org.eclipse.aether.util.graph.manager.ClassicDependencyManager::deriveChildManager (484 bytes)
Event: 4.145 Thread 0x00000000579e6000 nmethod 3012 0x0000000003332610 code [0x0000000003332940, 0x0000000003333908]
Event: 4.145 Thread 0x00000000579e6000 3013       2       org.eclipse.aether.util.graph.traverser.FatArtifactTraverser::deriveChildTraverser (2 bytes)
Event: 4.145 Thread 0x00000000579e6000 nmethod 3013 0x0000000003334850 code [0x00000000033349a0, 0x0000000003334af0]
Event: 4.145 Thread 0x00000000579e6000 3014       2       org.eclipse.aether.internal.impl.collect.DefaultDependencyCollectionContext::set (19 bytes)
Event: 4.145 Thread 0x00000000579e6000 nmethod 3014 0x0000000003334b90 code [0x0000000003334ce0, 0x0000000003334e70]
Event: 4.145 Thread 0x00000000579e6000 3015       2       org.eclipse.aether.internal.impl.collect.DataPool::toKey (17 bytes)
Event: 4.146 Thread 0x00000000579e6000 nmethod 3015 0x0000000003334f10 code [0x0000000003335080, 0x0000000003335268]
Event: 4.146 Thread 0x00000000579e6000 3016       2       org.eclipse.aether.util.graph.selector.AndDependencySelector::hashCode (35 bytes)
Event: 4.146 Thread 0x00000000579e6000 nmethod 3016 0x0000000003335350 code [0x00000000033354c0, 0x0000000003335668]
Event: 4.146 Thread 0x00000000579e6000 3017       2       org.eclipse.aether.util.graph.manager.ClassicDependencyManager::hashCode (90 bytes)
Event: 4.146 Thread 0x00000000579e6000 nmethod 3017 0x0000000003335710 code [0x00000000033358a0, 0x0000000003335b18]
Event: 4.146 Thread 0x00000000579e6000 3018       2       org.eclipse.aether.util.graph.traverser.FatArtifactTraverser::hashCode (8 bytes)
Event: 4.146 Thread 0x00000000579e6000 nmethod 3018 0x0000000003335c10 code [0x0000000003335d80, 0x0000000003335f08]
Event: 4.146 Thread 0x00000000579e6000 3019       2       org.eclipse.aether.internal.impl.collect.DataPool::getChildren (14 bytes)
Event: 4.146 Thread 0x00000000579e6000 nmethod 3019 0x0000000003335f90 code [0x0000000003336100, 0x00000000033362c8]
Event: 4.147 Thread 0x00000000579e6000 3020       2       org.eclipse.aether.graph.Dependency$Exclusions::iterator (9 bytes)
Event: 4.147 Thread 0x00000000579e6000 nmethod 3020 0x0000000003336390 code [0x00000000033364e0, 0x0000000003336690]
Event: 4.148 Thread 0x00000000579e6000 3021       2       org.eclipse.aether.internal.impl.collect.NodeStack::find (132 bytes)
Event: 4.149 Thread 0x00000000579e6000 nmethod 3021 0x0000000003336710 code [0x0000000003336920, 0x0000000003336d78]
Event: 4.149 Thread 0x00000000579e6000 3022   !   2       java.util.AbstractSet::equals (48 bytes)
Event: 4.149 Thread 0x00000000579e6000 nmethod 3022 0x0000000003337190 code [0x0000000003337320, 0x0000000003337648]
Event: 4.151 Thread 0x00000000579e6000 3023       2       java.nio.ByteBuffer::allocate (22 bytes)
Event: 4.151 Thread 0x00000000579e6000 nmethod 3023 0x0000000003337790 code [0x0000000003337900, 0x0000000003337bf8]
Event: 4.151 Thread 0x00000000579e6000 3024       2       java.nio.HeapByteBuffer::<init> (13 bytes)
Event: 4.151 Thread 0x00000000579e6000 nmethod 3024 0x0000000003337d50 code [0x0000000003337ec0, 0x00000000033380c8]
Event: 4.152 Thread 0x00000000579e6000 3025   !   2       java.util.regex.Pattern::<init> (98 bytes)
Event: 4.153 Thread 0x00000000579e6000 nmethod 3025 0x0000000003338190 code [0x0000000003338320, 0x0000000003338748]
Event: 4.153 Thread 0x00000000579e6000 3026       2       java.util.regex.Pattern::range (279 bytes)
Event: 4.155 Thread 0x00000000579e6000 nmethod 3026 0x0000000003338990 code [0x0000000003338c60, 0x0000000003339aa8]
Event: 4.156 Thread 0x00000000579e6000 3027   !   2       sun.nio.cs.StreamDecoder::forInputStreamReader (48 bytes)
Event: 4.157 Thread 0x00000000579e6000 nmethod 3027 0x000000000333a8d0 code [0x000000000333aaa0, 0x000000000333aee8]
Event: 4.159 Thread 0x00000000579e6000 3028       2       java.util.ArrayList$SubList$1::next (79 bytes)
Event: 4.159 Thread 0x00000000579e6000 nmethod 3028 0x000000000333b3d0 code [0x000000000333b560, 0x000000000333b908]
Event: 4.160 Thread 0x00000000579e6000 3029   !   2       sun.reflect.GeneratedMethodAccessor6::invoke (61 bytes)
Event: 4.161 Thread 0x00000000579e6000 nmethod 3029 0x000000000333bbd0 code [0x000000000333bd80, 0x000000000333c208]
Event: 4.169 Thread 0x00000000579e6000 3031       2       org.eclipse.aether.internal.impl.collect.DefaultDependencyCollector::process (52 bytes)
Event: 4.169 Thread 0x00000000579e6000 nmethod 3031 0x000000000333c590 code [0x000000000333c720, 0x000000000333ca38]
Event: 4.170 Thread 0x00000000579e6000 3032       2       java.io.InputStreamReader::<init> (30 bytes)
Event: 4.171 Thread 0x00000000579e6000 nmethod 3032 0x000000000333cc90 code [0x000000000333ce20, 0x000000000333d148]
Event: 4.171 Thread 0x00000000579e6000 3033       2       sun.nio.cs.StreamDecoder::implRead (243 bytes)
Event: 4.172 Thread 0x00000000579e6000 nmethod 3033 0x000000000333d2d0 code [0x000000000333d4c0, 0x000000000333dc48]
Event: 4.173 Thread 0x00000000579e6000 3034       2       org.codehaus.plexus.util.xml.pull.MXParser::setInput (10 bytes)
Event: 4.174 Thread 0x00000000579e6000 nmethod 3034 0x000000000333e290 code [0x000000000333e400, 0x000000000333e5a8]
Event: 4.174 Thread 0x00000000579e6000 3035       2       org.codehaus.plexus.util.xml.pull.MXParser::setupFromTemplate (76 bytes)
Event: 4.174 Thread 0x00000000579e6000 nmethod 3035 0x000000000333e650 code [0x000000000333e7a0, 0x000000000333e990]
Event: 4.174 Thread 0x00000000579e6000 3036       2       org.codehaus.plexus.util.xml.pull.MXParser::resetStringCache (1 bytes)
Event: 4.174 Thread 0x00000000579e6000 nmethod 3036 0x000000000333ea50 code [0x000000000333eba0, 0x000000000333ecf0]
Event: 4.175 Thread 0x00000000579e6000 3037       2       java.io.BufferedInputStream::<init> (32 bytes)
Event: 4.175 Thread 0x00000000579e6000 nmethod 3037 0x000000000333ed90 code [0x000000000333ef00, 0x000000000333f1c8]
Event: 4.176 Thread 0x00000000579e6000 3038       2       org.codehaus.plexus.util.xml.pull.MXParser::parseProlog (666 bytes)
Event: 4.177 Thread 0x00000000579e6000 nmethod 3038 0x000000000333f2d0 code [0x000000000333f6a0, 0x0000000003340bd8]
Event: 4.185 Thread 0x00000000579e6000 3039       2       java.util.AbstractSet::hashCode (39 bytes)
Event: 4.186 Thread 0x00000000579e6000 nmethod 3039 0x0000000003341c90 code [0x0000000003341e20, 0x0000000003342098]
Event: 4.186 Thread 0x00000000579e6000 3040       2       org.eclipse.aether.resolution.VersionRequest::setTrace (7 bytes)
Event: 4.186 Thread 0x00000000579e6000 nmethod 3040 0x00000000033421d0 code [0x0000000003342320, 0x0000000003342490]
Event: 4.186 Thread 0x00000000579e6000 3041       2       org.apache.maven.repository.internal.DefaultVersionResolver::resolveVersion (952 bytes)
Event: 4.191 Thread 0x00000000579e6000 nmethod 3041 0x0000000003342510 code [0x0000000003342be0, 0x00000000033452d8]
Event: 4.193 Thread 0x00000000579e6000 3042 %     3       org.apache.maven.model.inheritance.DefaultInheritanceAssembler$InheritanceModelMerger::mergePluginContainer_Plugins @ 49 (430 bytes)
Event: 4.197 Thread 0x00000000579e6000 nmethod 3042% 0x0000000003348a50 code [0x0000000003349160, 0x000000000334e218]
Event: 4.197 Thread 0x00000000579e6000 3043       3       org.apache.maven.model.inheritance.DefaultInheritanceAssembler$InheritanceModelMerger::mergePluginContainer_Plugins (430 bytes)
Event: 4.201 Thread 0x00000000579e6000 nmethod 3043 0x0000000003351690 code [0x0000000003351ea0, 0x0000000003357c58]
Event: 4.216 Thread 0x00000000579e6000 3044       1       org.eclipse.aether.DefaultRepositorySystemSession::getArtifactTypeRegistry (5 bytes)
Event: 4.216 Thread 0x00000000579e6000 nmethod 3044 0x000000000335ba50 code [0x000000000335bba0, 0x000000000335bcb0]
Event: 4.217 Thread 0x00000000579e6000 3045       2       org.eclipse.aether.artifact.AbstractArtifact::newInstance (27 bytes)
Event: 4.218 Thread 0x00000000579e6000 nmethod 3045 0x000000000335bd10 code [0x000000000335bea0, 0x000000000335c188]
Event: 4.222 Thread 0x00000000579e6000 3046       1       org.eclipse.aether.resolution.ArtifactDescriptorResult::getArtifact (5 bytes)
Event: 4.222 Thread 0x00000000579e6000 nmethod 3046 0x000000000335c310 code [0x000000000335c460, 0x000000000335c570]
Event: 4.223 Thread 0x00000000579e6000 3047       2       java.io.File::length (33 bytes)
Event: 4.223 Thread 0x00000000579e6000 nmethod 3047 0x000000000335c5d0 code [0x000000000335c760, 0x000000000335c968]
Event: 4.224 Thread 0x00000000579e6000 3049       2       java.io.InputStreamReader::close (8 bytes)
Event: 4.224 Thread 0x00000000579e6000 nmethod 3049 0x000000000335ce10 code [0x000000000335cf80, 0x000000000335d0e8]
Event: 4.224 Thread 0x00000000579e6000 3050       2       sun.nio.cs.StreamDecoder::implClose (27 bytes)
Event: 4.224 Thread 0x00000000579e6000 nmethod 3050 0x000000000335d190 code [0x000000000335d300, 0x000000000335d4b8]
Event: 4.228 Thread 0x00000000579e6000 3051   !   2       org.apache.maven.model.building.DefaultModelBuilder::configureResolver (137 bytes)
Event: 4.229 Thread 0x00000000579e6000 nmethod 3051 0x000000000335d550 code [0x000000000335d7c0, 0x000000000335dfb8]
Event: 4.231 Thread 0x00000000579e6000 3052       2       org.codehaus.plexus.util.ReaderFactory::newXmlReader (9 bytes)
Event: 4.231 Thread 0x00000000579e6000 nmethod 3052 0x000000000335e790 code [0x000000000335e900, 0x000000000335eaa8]
Event: 4.231 Thread 0x00000000579e6000 3053       2       org.codehaus.plexus.util.xml.XmlReader::doRawStream (53 bytes)
Event: 4.232 Thread 0x00000000579e6000 nmethod 3053 0x000000000335eb90 code [0x000000000335ed40, 0x000000000335f218]
Event: 4.232 Thread 0x00000000579e6000 3054       2       org.apache.maven.model.InputLocation::merge (121 bytes)
Event: 4.233 Thread 0x00000000579e6000 nmethod 3054 0x000000000335f550 code [0x000000000335f6c0, 0x000000000335fa18]
Event: 4.233 Thread 0x00000000579e6000 3055       2       org.apache.maven.model.Organization::setName (6 bytes)
Event: 4.233 Thread 0x00000000579e6000 nmethod 3055 0x000000000335fbd0 code [0x000000000335fd20, 0x000000000335fe90]
Event: 4.233 Thread 0x00000000579e6000 3056       2       org.apache.maven.model.Organization::setUrl (6 bytes)
Event: 4.233 Thread 0x00000000579e6000 nmethod 3056 0x000000000335ff10 code [0x0000000003360060, 0x00000000033601d0]
Event: 4.239 Thread 0x00000000579e6000 3057       2       org.apache.maven.building.FileSource::getLocation (8 bytes)
Event: 4.239 Thread 0x00000000579e6000 nmethod 3057 0x0000000003360250 code [0x00000000033603a0, 0x00000000033604f0]
Event: 4.243 Thread 0x00000000579e6000 3059   !   2       sun.reflect.GeneratedMethodAccessor10::invoke (61 bytes)
Event: 4.244 Thread 0x00000000579e6000 nmethod 3059 0x0000000003360590 code [0x0000000003360740, 0x0000000003360bc8]
Event: 4.246 Thread 0x00000000579e6000 3060       2       org.eclipse.aether.artifact.AbstractArtifact::setFile (40 bytes)
Event: 4.246 Thread 0x00000000579e6000 nmethod 3060 0x0000000003360f50 code [0x0000000003361120, 0x0000000003361588]
Event: 4.251 Thread 0x00000000579e6000 3061       2       org.eclipse.aether.internal.impl.collect.DefaultDependencyCollector$PremanagedDependency::create (253 bytes)
Event: 4.252 Thread 0x00000000579e6000 nmethod 3061 0x0000000003361950 code [0x0000000003361be0, 0x00000000033627f8]
Event: 4.253 Thread 0x00000000579e6000 3062       2       org.eclipse.aether.internal.impl.collect.DefaultDependencyCollector::createVersionRangeRequest (46 bytes)
Event: 4.253 Thread 0x00000000579e6000 nmethod 3062 0x00000000033632d0 code [0x0000000003363440, 0x00000000033636d0]
Event: 4.253 Thread 0x00000000579e6000 3063       2       org.eclipse.aether.internal.impl.collect.DefaultDependencyCollector::cachedResolveRangeResult (45 bytes)
Event: 4.253 Thread 0x00000000579e6000 nmethod 3063 0x0000000003363810 code [0x00000000033639c0, 0x0000000003363d78]
Event: 4.253 Thread 0x00000000579e6000 3064   !   2       org.eclipse.aether.internal.impl.collect.DefaultDependencyCollector::filterVersions (196 bytes)
Event: 4.255 Thread 0x00000000579e6000 nmethod 3064 0x00000000033640d0 code [0x00000000033643e0, 0x0000000003365088]
Event: 4.255 Thread 0x00000000579e6000 3065       2       org.eclipse.aether.internal.impl.collect.DefaultDependencyCollector::createArtifactDescriptorRequest (46 bytes)
Event: 4.255 Thread 0x00000000579e6000 nmethod 3065 0x0000000003365c90 code [0x0000000003365e00, 0x0000000003366090]
Event: 4.255 Thread 0x00000000579e6000 3066   !   2       org.eclipse.aether.internal.impl.collect.DefaultDependencyCollector::resolveCachedArtifactDescriptor (84 bytes)
Event: 4.256 Thread 0x00000000579e6000 nmethod 3066 0x00000000033661d0 code [0x00000000033663a0, 0x00000000033668e8]
Event: 4.256 Thread 0x00000000579e6000 3067       2       org.eclipse.aether.resolution.ArtifactDescriptorResult::<init> (73 bytes)
Event: 4.256 Thread 0x00000000579e6000 nmethod 3067 0x0000000003366e90 code [0x0000000003367000, 0x00000000033672e8]
Event: 4.257 Thread 0x00000000579e6000 3068  s    2       java.util.Properties::load (14 bytes)
Event: 4.257 Thread 0x00000000579e6000 nmethod 3068 0x0000000003367410 code [0x0000000003367580, 0x00000000033678d8]
Event: 4.258 Thread 0x00000000579e6000 3069       2       java.io.BufferedReader::<init> (9 bytes)
Event: 4.258 Thread 0x00000000579e6000 nmethod 3069 0x0000000003367a10 code [0x0000000003367b80, 0x0000000003367d08]
Event: 4.259 Thread 0x00000000579e6000 3070       2       org.apache.maven.model.merge.ModelMerger::mergePluginConfiguration_PluginManagement (49 bytes)
Event: 4.259 Thread 0x00000000579e6000 nmethod 3070 0x0000000003367d90 code [0x0000000003367f00, 0x0000000003368128]
Event: 4.259 Thread 0x00000000579e6000 3071       2       org.apache.maven.model.merge.ModelMerger::mergeBuildBase_DefaultGoal (43 bytes)
Event: 4.260 Thread 0x00000000579e6000 nmethod 3071 0x00000000033682d0 code [0x0000000003368460, 0x0000000003368758]
Event: 4.260 Thread 0x00000000579e6000 3072       2       org.apache.maven.model.merge.ModelMerger::mergeBuildBase_FinalName (43 bytes)
Event: 4.260 Thread 0x00000000579e6000 nmethod 3072 0x0000000003368990 code [0x0000000003368b20, 0x0000000003368e18]
Event: 4.260 Thread 0x00000000579e6000 3073       2       org.apache.maven.model.merge.ModelMerger::mergeBuildBase_Directory (43 bytes)
Event: 4.260 Thread 0x00000000579e6000 nmethod 3073 0x0000000003369050 code [0x00000000033691e0, 0x00000000033694d8]
Event: 4.264 Thread 0x00000000579e6000 3074       2       org.eclipse.aether.internal.impl.collect.DefaultDependencyCollector::createDependencyNode (62 bytes)
Event: 4.265 Thread 0x00000000579e6000 nmethod 3074 0x0000000003369710 code [0x00000000033698c0, 0x0000000003369ce8]
Event: 4.266 Thread 0x00000000579e6000 3075       2       java.io.BufferedInputStream::close (41 bytes)
Event: 4.267 Thread 0x00000000579e6000 nmethod 3075 0x0000000003369f50 code [0x000000000336a0e0, 0x000000000336a3d8]
Event: 4.267 Thread 0x00000000579e6000 3076       1       org.apache.maven.model.building.ModelCacheTag$1::getType (3 bytes)
Event: 4.267 Thread 0x00000000579e6000 nmethod 3076 0x000000000336a510 code [0x000000000336a660, 0x000000000336a770]
Event: 4.268 Thread 0x00000000579e6000 3077       2       org.apache.maven.model.merge.ModelMerger::mergeBuildBase_Resources (191 bytes)
Event: 4.269 Thread 0x00000000579e6000 nmethod 3077 0x000000000336a7d0 code [0x000000000336aa60, 0x000000000336b368]
Event: 4.269 Thread 0x00000000579e6000 3078       2       org.apache.maven.model.merge.ModelMerger::mergeBuildBase_TestResources (191 bytes)
Event: 4.270 Thread 0x00000000579e6000 nmethod 3078 0x000000000336bc50 code [0x000000000336bee0, 0x000000000336c7e8]
Event: 4.275 Thread 0x00000000579e6000 3079       2       java.util.LinkedHashMap::afterNodeRemoval (65 bytes)
Event: 4.275 Thread 0x00000000579e6000 nmethod 3079 0x000000000336d0d0 code [0x000000000336d240, 0x000000000336d490]
Event: 4.277 Thread 0x00000000579e6000 3080       2       java.io.StringReader::<init> (28 bytes)
Event: 4.278 Thread 0x00000000579e6000 nmethod 3080 0x000000000336d5d0 code [0x000000000336d720, 0x000000000336d8d0]
Event: 4.278 Thread 0x00000000579e6000 3081       2       org.apache.maven.repository.internal.DefaultModelCache$Key::<init> (96 bytes)
Event: 4.279 Thread 0x00000000579e6000 nmethod 3081 0x000000000336d9d0 code [0x000000000336db60, 0x000000000336ddf8]
Event: 4.284 Thread 0x00000000579e6000 3082       1       org.eclipse.aether.resolution.ArtifactDescriptorResult::getRelocations (5 bytes)
Event: 4.284 Thread 0x00000000579e6000 nmethod 3082 0x000000000336dfd0 code [0x000000000336e120, 0x000000000336e230]
Event: 4.284 Thread 0x00000000579e6000 3083       1       org.eclipse.aether.resolution.ArtifactDescriptorResult::getAliases (5 bytes)
Event: 4.284 Thread 0x00000000579e6000 nmethod 3083 0x000000000336e290 code [0x000000000336e3e0, 0x000000000336e4f0]
Event: 4.286 Thread 0x00000000579e6000 3084       1       org.eclipse.aether.DefaultRepositorySystemSession::getUserProperties (5 bytes)
Event: 4.286 Thread 0x00000000579e6000 nmethod 3084 0x000000000336e550 code [0x000000000336e6a0, 0x000000000336e7b0]
Event: 4.286 Thread 0x00000000579e6000 3085       1       org.eclipse.aether.DefaultRepositorySystemSession::getSystemProperties (5 bytes)
Event: 4.286 Thread 0x00000000579e6000 nmethod 3085 0x000000000336e810 code [0x000000000336e960, 0x000000000336ea70]
Event: 4.289 Thread 0x00000000579e6000 3086       2       java.util.Vector::<init> (7 bytes)
Event: 4.289 Thread 0x00000000579e6000 nmethod 3086 0x000000000336ead0 code [0x000000000336ec40, 0x000000000336edc8]
Event: 4.291 Thread 0x00000000579e6000 3087       2       org.eclipse.aether.internal.impl.collect.DefaultDependencyCollector::doRecurse (233 bytes)
Event: 4.292 Thread 0x00000000579e6000 nmethod 3087 0x000000000336ee50 code [0x000000000336f080, 0x000000000336f908]
Event: 4.294 Thread 0x00000000579e6000 3088       2       org.codehaus.plexus.util.xml.XmlReader::close (8 bytes)
Event: 4.294 Thread 0x00000000579e6000 nmethod 3088 0x0000000003370410 code [0x0000000003370580, 0x0000000003370708]
Event: 4.294 Thread 0x00000000579e6000 3089       2       org.apache.maven.model.merge.ModelMerger::mergeRepositoryBase (37 bytes)
Event: 4.295 Thread 0x00000000579e6000 nmethod 3089 0x0000000003370790 code [0x0000000003370920, 0x0000000003370b58]
Event: 4.295 Thread 0x00000000579e6000 3090       2       org.apache.maven.model.merge.ModelMerger::mergeRepository_Releases (49 bytes)
Event: 4.295 Thread 0x00000000579e6000 nmethod 3090 0x0000000003370c90 code [0x0000000003370e20, 0x00000000033710e8]
Event: 4.295 Thread 0x00000000579e6000 3091       2       org.apache.maven.model.merge.ModelMerger::mergeRepository_Snapshots (49 bytes)
Event: 4.295 Thread 0x00000000579e6000 nmethod 3091 0x0000000003371310 code [0x00000000033714a0, 0x0000000003371768]
Event: 4.299 Thread 0x00000000579e6000 3092       2       java.util.Collections::singleton (9 bytes)
Event: 4.299 Thread 0x00000000579e6000 nmethod 3092 0x0000000003371990 code [0x0000000003371ae0, 0x0000000003371c70]
Event: 4.301 Thread 0x00000000579e6000 3093       2       org.apache.maven.model.merge.ModelMerger::merge (45 bytes)
Event: 4.301 Thread 0x00000000579e6000 nmethod 3093 0x0000000003371d10 code [0x0000000003371ea0, 0x00000000033721c8]
Event: 4.301 Thread 0x00000000579e6000 3094       2       org.apache.maven.model.merge.ModelMerger::mergeModel (208 bytes)
Event: 4.302 Thread 0x00000000579e6000 nmethod 3094 0x0000000003372390 code [0x0000000003372620, 0x0000000003372c48]
Event: 4.302 Thread 0x00000000579e6000 3095       2       org.apache.maven.model.merge.ModelMerger::mergeReporting_OutputDirectory (43 bytes)
Event: 4.302 Thread 0x00000000579e6000 nmethod 3095 0x0000000003373090 code [0x0000000003373220, 0x0000000003373518]
Event: 4.302 Thread 0x00000000579e6000 3096       2       org.apache.maven.model.merge.ModelMerger::mergeReporting_ExcludeDefaults (43 bytes)
Event: 4.303 Thread 0x00000000579e6000 nmethod 3096 0x0000000003373710 code [0x00000000033738a0, 0x0000000003373b98]
Event: 4.303 Thread 0x00000000579e6000 3097       2       org.apache.maven.model.merge.ModelMerger::mergeBuild (64 bytes)
Event: 4.303 Thread 0x00000000579e6000 nmethod 3097 0x0000000003373d90 code [0x0000000003373f40, 0x0000000003374208]
Event: 4.308 Thread 0x00000000579e6000 3098       2       java.util.concurrent.ConcurrentHashMap::remove (8 bytes)
Event: 4.308 Thread 0x00000000579e6000 nmethod 3098 0x00000000033758d0 code [0x0000000003375a40, 0x0000000003375bc8]
Event: 4.313 Thread 0x0000000057982800 nmethod 2972 0x000000000337d0d0 code [0x000000000337d880, 0x00000000033833b8]
Event: 4.313 Thread 0x0000000057982800 2975       4       org.eclipse.sisu.plexus.RealmFilteredBeans$FilteredItr::hasNext (81 bytes)

GC Heap History (12 events):
Event: 1.098 GC heap before
{Heap before GC invocations=1 (full 0):
 PSYoungGen      total 37888K, used 32768K [0x00000000d6180000, 0x00000000d8b80000, 0x0000000100000000)
  eden space 32768K, 100% used [0x00000000d6180000,0x00000000d8180000,0x00000000d8180000)
  from space 5120K, 0% used [0x00000000d8680000,0x00000000d8680000,0x00000000d8b80000)
  to   space 5120K, 0% used [0x00000000d8180000,0x00000000d8180000,0x00000000d8680000)
 ParOldGen       total 86016K, used 0K [0x0000000082400000, 0x0000000087800000, 0x00000000d6180000)
  object space 86016K, 0% used [0x0000000082400000,0x0000000082400000,0x0000000087800000)
 Metaspace       used 8934K, capacity 9020K, committed 9344K, reserved 1056768K
  class space    used 993K, capacity 1048K, committed 1152K, reserved 1048576K
Event: 1.105 GC heap after
Heap after GC invocations=1 (full 0):
 PSYoungGen      total 37888K, used 5011K [0x00000000d6180000, 0x00000000d8b80000, 0x0000000100000000)
  eden space 32768K, 0% used [0x00000000d6180000,0x00000000d6180000,0x00000000d8180000)
  from space 5120K, 97% used [0x00000000d8180000,0x00000000d8664f08,0x00000000d8680000)
  to   space 5120K, 0% used [0x00000000d8680000,0x00000000d8680000,0x00000000d8b80000)
 ParOldGen       total 86016K, used 8K [0x0000000082400000, 0x0000000087800000, 0x00000000d6180000)
  object space 86016K, 0% used [0x0000000082400000,0x0000000082402000,0x0000000087800000)
 Metaspace       used 8934K, capacity 9020K, committed 9344K, reserved 1056768K
  class space    used 993K, capacity 1048K, committed 1152K, reserved 1048576K
}
Event: 1.616 GC heap before
{Heap before GC invocations=2 (full 0):
 PSYoungGen      total 37888K, used 37779K [0x00000000d6180000, 0x00000000d8b80000, 0x0000000100000000)
  eden space 32768K, 100% used [0x00000000d6180000,0x00000000d8180000,0x00000000d8180000)
  from space 5120K, 97% used [0x00000000d8180000,0x00000000d8664f08,0x00000000d8680000)
  to   space 5120K, 0% used [0x00000000d8680000,0x00000000d8680000,0x00000000d8b80000)
 ParOldGen       total 86016K, used 8K [0x0000000082400000, 0x0000000087800000, 0x00000000d6180000)
  object space 86016K, 0% used [0x0000000082400000,0x0000000082402000,0x0000000087800000)
 Metaspace       used 12501K, capacity 12654K, committed 12800K, reserved 1060864K
  class space    used 1436K, capacity 1509K, committed 1536K, reserved 1048576K
Event: 1.626 GC heap after
Heap after GC invocations=2 (full 0):
 PSYoungGen      total 37888K, used 5115K [0x00000000d6180000, 0x00000000dab80000, 0x0000000100000000)
  eden space 32768K, 0% used [0x00000000d6180000,0x00000000d6180000,0x00000000d8180000)
  from space 5120K, 99% used [0x00000000d8680000,0x00000000d8b7ed28,0x00000000d8b80000)
  to   space 5120K, 0% used [0x00000000d8180000,0x00000000d8180000,0x00000000d8680000)
 ParOldGen       total 86016K, used 1851K [0x0000000082400000, 0x0000000087800000, 0x00000000d6180000)
  object space 86016K, 2% used [0x0000000082400000,0x00000000825cecc8,0x0000000087800000)
 Metaspace       used 12501K, capacity 12654K, committed 12800K, reserved 1060864K
  class space    used 1436K, capacity 1509K, committed 1536K, reserved 1048576K
}
Event: 2.353 GC heap before
{Heap before GC invocations=3 (full 0):
 PSYoungGen      total 37888K, used 37883K [0x00000000d6180000, 0x00000000dab80000, 0x0000000100000000)
  eden space 32768K, 100% used [0x00000000d6180000,0x00000000d8180000,0x00000000d8180000)
  from space 5120K, 99% used [0x00000000d8680000,0x00000000d8b7ed28,0x00000000d8b80000)
  to   space 5120K, 0% used [0x00000000d8180000,0x00000000d8180000,0x00000000d8680000)
 ParOldGen       total 86016K, used 1851K [0x0000000082400000, 0x0000000087800000, 0x00000000d6180000)
  object space 86016K, 2% used [0x0000000082400000,0x00000000825cecc8,0x0000000087800000)
 Metaspace       used 15278K, capacity 15464K, committed 15744K, reserved 1062912K
  class space    used 1759K, capacity 1876K, committed 1920K, reserved 1048576K
Event: 2.372 GC heap after
Heap after GC invocations=3 (full 0):
 PSYoungGen      total 37888K, used 5104K [0x00000000d6180000, 0x00000000dab80000, 0x0000000100000000)
  eden space 32768K, 0% used [0x00000000d6180000,0x00000000d6180000,0x00000000d8180000)
  from space 5120K, 99% used [0x00000000d8180000,0x00000000d867c030,0x00000000d8680000)
  to   space 5120K, 0% used [0x00000000da680000,0x00000000da680000,0x00000000dab80000)
 ParOldGen       total 86016K, used 5342K [0x0000000082400000, 0x0000000087800000, 0x00000000d6180000)
  object space 86016K, 6% used [0x0000000082400000,0x0000000082937880,0x0000000087800000)
 Metaspace       used 15278K, capacity 15464K, committed 15744K, reserved 1062912K
  class space    used 1759K, capacity 1876K, committed 1920K, reserved 1048576K
}
Event: 2.815 GC heap before
{Heap before GC invocations=4 (full 0):
 PSYoungGen      total 37888K, used 37872K [0x00000000d6180000, 0x00000000dab80000, 0x0000000100000000)
  eden space 32768K, 100% used [0x00000000d6180000,0x00000000d8180000,0x00000000d8180000)
  from space 5120K, 99% used [0x00000000d8180000,0x00000000d867c030,0x00000000d8680000)
  to   space 5120K, 0% used [0x00000000da680000,0x00000000da680000,0x00000000dab80000)
 ParOldGen       total 86016K, used 5342K [0x0000000082400000, 0x0000000087800000, 0x00000000d6180000)
  object space 86016K, 6% used [0x0000000082400000,0x0000000082937880,0x0000000087800000)
 Metaspace       used 15722K, capacity 15912K, committed 16256K, reserved 1062912K
  class space    used 1784K, capacity 1876K, committed 1920K, reserved 1048576K
Event: 2.837 GC heap after
Heap after GC invocations=4 (full 0):
 PSYoungGen      total 70656K, used 5104K [0x00000000d6180000, 0x00000000dab80000, 0x0000000100000000)
  eden space 65536K, 0% used [0x00000000d6180000,0x00000000d6180000,0x00000000da180000)
  from space 5120K, 99% used [0x00000000da680000,0x00000000dab7c010,0x00000000dab80000)
  to   space 5120K, 0% used [0x00000000da180000,0x00000000da180000,0x00000000da680000)
 ParOldGen       total 86016K, used 9036K [0x0000000082400000, 0x0000000087800000, 0x00000000d6180000)
  object space 86016K, 10% used [0x0000000082400000,0x0000000082cd3378,0x0000000087800000)
 Metaspace       used 15722K, capacity 15912K, committed 16256K, reserved 1062912K
  class space    used 1784K, capacity 1876K, committed 1920K, reserved 1048576K
}
Event: 3.487 GC heap before
{Heap before GC invocations=5 (full 0):
 PSYoungGen      total 70656K, used 70640K [0x00000000d6180000, 0x00000000dab80000, 0x0000000100000000)
  eden space 65536K, 100% used [0x00000000d6180000,0x00000000da180000,0x00000000da180000)
  from space 5120K, 99% used [0x00000000da680000,0x00000000dab7c010,0x00000000dab80000)
  to   space 5120K, 0% used [0x00000000da180000,0x00000000da180000,0x00000000da680000)
 ParOldGen       total 86016K, used 9036K [0x0000000082400000, 0x0000000087800000, 0x00000000d6180000)
  object space 86016K, 10% used [0x0000000082400000,0x0000000082cd3378,0x0000000087800000)
 Metaspace       used 16092K, capacity 16330K, committed 16512K, reserved 1064960K
  class space    used 1803K, capacity 1919K, committed 1920K, reserved 1048576K
Event: 3.623 GC heap after
Heap after GC invocations=5 (full 0):
 PSYoungGen      total 70656K, used 5104K [0x00000000d6180000, 0x00000000dfc80000, 0x0000000100000000)
  eden space 65536K, 0% used [0x00000000d6180000,0x00000000d6180000,0x00000000da180000)
  from space 5120K, 99% used [0x00000000da180000,0x00000000da67c010,0x00000000da680000)
  to   space 13824K, 0% used [0x00000000def00000,0x00000000def00000,0x00000000dfc80000)
 ParOldGen       total 86016K, used 16430K [0x0000000082400000, 0x0000000087800000, 0x00000000d6180000)
  object space 86016K, 19% used [0x0000000082400000,0x000000008340bab0,0x0000000087800000)
 Metaspace       used 16092K, capacity 16330K, committed 16512K, reserved 1064960K
  class space    used 1803K, capacity 1919K, committed 1920K, reserved 1048576K
}
Event: 4.093 GC heap before
{Heap before GC invocations=6 (full 0):
 PSYoungGen      total 70656K, used 70640K [0x00000000d6180000, 0x00000000dfc80000, 0x0000000100000000)
  eden space 65536K, 100% used [0x00000000d6180000,0x00000000da180000,0x00000000da180000)
  from space 5120K, 99% used [0x00000000da180000,0x00000000da67c010,0x00000000da680000)
  to   space 13824K, 0% used [0x00000000def00000,0x00000000def00000,0x00000000dfc80000)
 ParOldGen       total 86016K, used 16430K [0x0000000082400000, 0x0000000087800000, 0x00000000d6180000)
  object space 86016K, 19% used [0x0000000082400000,0x000000008340bab0,0x0000000087800000)
 Metaspace       used 16319K, capacity 16592K, committed 16768K, reserved 1064960K
  class space    used 1805K, capacity 1920K, committed 1920K, reserved 1048576K
Event: 4.120 GC heap after
Heap after GC invocations=6 (full 0):
 PSYoungGen      total 144896K, used 10416K [0x00000000d6180000, 0x00000000dfc80000, 0x0000000100000000)
  eden space 131072K, 0% used [0x00000000d6180000,0x00000000d6180000,0x00000000de180000)
  from space 13824K, 75% used [0x00000000def00000,0x00000000df92c010,0x00000000dfc80000)
  to   space 13824K, 0% used [0x00000000de180000,0x00000000de180000,0x00000000def00000)
 ParOldGen       total 86016K, used 16430K [0x0000000082400000, 0x0000000087800000, 0x00000000d6180000)
  object space 86016K, 19% used [0x0000000082400000,0x000000008340bab0,0x0000000087800000)
 Metaspace       used 16319K, capacity 16592K, committed 16768K, reserved 1064960K
  class space    used 1805K, capacity 1920K, committed 1920K, reserved 1048576K
}

Deoptimization events (54 events):
Event: 0.649 Thread 0x0000000002287000 Uncommon trap: reason=unstable_if action=reinterpret pc=0x0000000002bede94 method=java.lang.String.<init>([CII)V @ 18
Event: 1.071 Thread 0x0000000002287000 Uncommon trap: reason=unstable_if action=reinterpret pc=0x0000000002cee704 method=sun.nio.cs.StreamDecoder.implRead([CII)I @ 197
Event: 1.198 Thread 0x0000000002287000 Uncommon trap: reason=range_check action=make_not_entrant pc=0x0000000002ccb650 method=sun.reflect.generics.parser.SignatureParser.current()C @ 34
Event: 1.198 Thread 0x0000000002287000 Uncommon trap: reason=unstable_if action=reinterpret pc=0x0000000002ca21ec method=java.util.HashMap.getNode(ILjava/lang/Object;)Ljava/util/HashMap$Node; @ 129
Event: 1.202 Thread 0x0000000002287000 Uncommon trap: reason=unstable_if action=reinterpret pc=0x0000000002ca7bec method=java.util.HashMap.getNode(ILjava/lang/Object;)Ljava/util/HashMap$Node; @ 129
Event: 1.988 Thread 0x0000000002287000 Uncommon trap: reason=null_check action=make_not_entrant pc=0x0000000002befd50 method=java.lang.String.equals(Ljava/lang/Object;)Z @ 8
Event: 2.077 Thread 0x0000000002287000 Uncommon trap: reason=unstable_if action=reinterpret pc=0x0000000002c4cc30 method=java.lang.AbstractStringBuilder.append(Ljava/lang/String;)Ljava/lang/AbstractStringBuilder; @ 1
Event: 2.077 Thread 0x0000000002287000 Uncommon trap: reason=unstable_if action=reinterpret pc=0x0000000002c03524 method=java.lang.AbstractStringBuilder.append(Ljava/lang/String;)Ljava/lang/AbstractStringBuilder; @ 1
Event: 2.084 Thread 0x0000000002287000 Uncommon trap: reason=unstable_if action=reinterpret pc=0x0000000002c06430 method=java.lang.String.replace(CC)Ljava/lang/String; @ 2
Event: 2.272 Thread 0x0000000002287000 Uncommon trap: reason=unstable_if action=reinterpret pc=0x0000000002f51e00 method=java.lang.String.startsWith(Ljava/lang/String;I)Z @ 25
Event: 2.272 Thread 0x0000000002287000 Uncommon trap: reason=unstable_if action=reinterpret pc=0x0000000002b8d3d8 method=java.lang.String.startsWith(Ljava/lang/String;I)Z @ 25
Event: 2.273 Thread 0x0000000002287000 Uncommon trap: reason=null_check action=make_not_entrant pc=0x0000000002fbeb64 method=org.apache.maven.model.io.xpp3.MavenXpp3ReaderEx.checkFieldWithDuplicate(Lorg/codehaus/plexus/util/xml/pull/XmlPullParser;Ljava/lang/String;Ljava/lang/String;Ljava/util/
Event: 2.276 Thread 0x0000000002287000 Uncommon trap: reason=unstable_if action=reinterpret pc=0x0000000002f55d30 method=org.codehaus.plexus.util.xml.pull.MXParser.nextImpl()I @ 879
Event: 2.289 Thread 0x0000000002287000 Uncommon trap: reason=bimorphic action=maybe_recompile pc=0x0000000002fd4760 method=java.util.regex.Matcher.match(II)Z @ 86
Event: 2.312 Thread 0x0000000002287000 Uncommon trap: reason=bimorphic action=maybe_recompile pc=0x0000000002fd4760 method=java.util.regex.Matcher.match(II)Z @ 86
Event: 2.312 Thread 0x0000000002287000 Uncommon trap: reason=bimorphic action=maybe_recompile pc=0x0000000002fd4760 method=java.util.regex.Matcher.match(II)Z @ 86
Event: 2.320 Thread 0x0000000002287000 Uncommon trap: reason=bimorphic action=maybe_recompile pc=0x0000000002fd4760 method=java.util.regex.Matcher.match(II)Z @ 86
Event: 2.337 Thread 0x0000000002287000 Uncommon trap: reason=unstable_if action=reinterpret pc=0x0000000002d5a0f4 method=java.lang.String.regionMatches(ZILjava/lang/String;II)Z @ 25
Event: 2.571 Thread 0x0000000002287000 Uncommon trap: reason=unstable_if action=reinterpret pc=0x0000000003021f50 method=org.codehaus.plexus.util.xml.pull.MXParser.nextImpl()I @ 1161
Event: 2.623 Thread 0x0000000002287000 Uncommon trap: reason=null_check action=make_not_entrant pc=0x00000000030be3bc method=org.apache.maven.model.io.xpp3.MavenXpp3Reader.checkFieldWithDuplicate(Lorg/codehaus/plexus/util/xml/pull/XmlPullParser;Ljava/lang/String;Ljava/lang/String;Ljava/util/Se
Event: 2.695 Thread 0x0000000002287000 Uncommon trap: reason=unstable_if action=reinterpret pc=0x00000000030c0a10 method=org.codehaus.plexus.util.xml.pull.MXParser.nextImpl()I @ 310
Event: 2.702 Thread 0x0000000002287000 Uncommon trap: reason=unstable_if action=reinterpret pc=0x0000000002cf5900 method=sun.nio.cs.UTF_8$Decoder.decodeArrayLoop(Ljava/nio/ByteBuffer;Ljava/nio/CharBuffer;)Ljava/nio/charset/CoderResult; @ 84
Event: 2.734 Thread 0x0000000002287000 Uncommon trap: reason=unstable_if action=reinterpret pc=0x0000000002dc1860 method=java.util.HashMap.hash(Ljava/lang/Object;)I @ 1
Event: 2.734 Thread 0x0000000002287000 Uncommon trap: reason=unstable_if action=reinterpret pc=0x0000000002e722a4 method=java.util.HashMap.hash(Ljava/lang/Object;)I @ 1
Event: 2.741 Thread 0x0000000002287000 Uncommon trap: reason=unstable_if action=reinterpret pc=0x0000000002d399ac method=sun.nio.cs.UTF_8$Decoder.decode([BII[C)I @ 30
Event: 2.803 Thread 0x0000000002287000 Uncommon trap: reason=unstable_if action=reinterpret pc=0x0000000002f97898 method=java.lang.String.trim()Ljava/lang/String; @ 63
Event: 2.855 Thread 0x0000000002287000 Uncommon trap: reason=unstable_if action=reinterpret pc=0x00000000030a0590 method=java.util.HashMap.hash(Ljava/lang/Object;)I @ 1
Event: 2.855 Thread 0x0000000002287000 Uncommon trap: reason=unstable_if action=reinterpret pc=0x00000000030164cc method=java.util.HashMap.hash(Ljava/lang/Object;)I @ 1
Event: 2.857 Thread 0x0000000002287000 Uncommon trap: reason=unstable_if action=reinterpret pc=0x0000000002e07d1c method=java.util.HashMap.hash(Ljava/lang/Object;)I @ 1
Event: 2.905 Thread 0x0000000002287000 Uncommon trap: reason=unstable_if action=reinterpret pc=0x00000000030c5c2c method=org.apache.maven.model.io.xpp3.MavenXpp3Reader.nextTag(Lorg/codehaus/plexus/util/xml/pull/XmlPullParser;)I @ 9
Event: 2.918 Thread 0x0000000002287000 Uncommon trap: reason=unstable_if action=reinterpret pc=0x00000000030d99f4 method=java.lang.reflect.AccessibleObject.setAccessible0(Ljava/lang/reflect/AccessibleObject;Z)V @ 4
Event: 3.151 Thread 0x0000000002287000 Uncommon trap: reason=bimorphic action=maybe_recompile pc=0x0000000002fe4c44 method=java.util.concurrent.ConcurrentHashMap.get(Ljava/lang/Object;)Ljava/lang/Object; @ 149
Event: 3.161 Thread 0x0000000002287000 Uncommon trap: reason=bimorphic action=maybe_recompile pc=0x0000000002fe4c44 method=java.util.concurrent.ConcurrentHashMap.get(Ljava/lang/Object;)Ljava/lang/Object; @ 149
Event: 3.165 Thread 0x0000000002287000 Uncommon trap: reason=bimorphic action=maybe_recompile pc=0x0000000002fe4c44 method=java.util.concurrent.ConcurrentHashMap.get(Ljava/lang/Object;)Ljava/lang/Object; @ 149
Event: 3.172 Thread 0x0000000002287000 Uncommon trap: reason=class_check action=maybe_recompile pc=0x00000000031db784 method=java.util.regex.Pattern$7.isSatisfiedBy(I)Z @ 16
Event: 3.172 Thread 0x0000000002287000 Uncommon trap: reason=class_check action=maybe_recompile pc=0x00000000031db784 method=java.util.regex.Pattern$7.isSatisfiedBy(I)Z @ 16
Event: 3.172 Thread 0x0000000002287000 Uncommon trap: reason=class_check action=maybe_recompile pc=0x00000000031db794 method=java.util.regex.Pattern$CharProperty$1.isSatisfiedBy(I)Z @ 5
Event: 3.172 Thread 0x0000000002287000 Uncommon trap: reason=class_check action=maybe_recompile pc=0x00000000031db784 method=java.util.regex.Pattern$7.isSatisfiedBy(I)Z @ 16
Event: 3.172 Thread 0x0000000002287000 Uncommon trap: reason=class_check action=maybe_recompile pc=0x00000000031db784 method=java.util.regex.Pattern$7.isSatisfiedBy(I)Z @ 16
Event: 3.172 Thread 0x0000000002287000 Uncommon trap: reason=class_check action=maybe_recompile pc=0x00000000030ab4dc method=java.util.regex.Pattern$CharProperty$1.isSatisfiedBy(I)Z @ 5
Event: 3.172 Thread 0x0000000002287000 Uncommon trap: reason=class_check action=maybe_recompile pc=0x00000000030ab4dc method=java.util.regex.Pattern$CharProperty$1.isSatisfiedBy(I)Z @ 5
Event: 3.172 Thread 0x0000000002287000 Uncommon trap: reason=class_check action=maybe_recompile pc=0x00000000030ab4dc method=java.util.regex.Pattern$CharProperty$1.isSatisfiedBy(I)Z @ 5
Event: 3.183 Thread 0x0000000002287000 Uncommon trap: reason=bimorphic action=maybe_recompile pc=0x0000000002fe4c44 method=java.util.concurrent.ConcurrentHashMap.get(Ljava/lang/Object;)Ljava/lang/Object; @ 149
Event: 3.209 Thread 0x0000000002287000 Uncommon trap: reason=unstable_if action=reinterpret pc=0x0000000003148d18 method=org.codehaus.plexus.util.xml.pull.MXParser.nextImpl()I @ 280
Event: 3.473 Thread 0x0000000002287000 Uncommon trap: reason=unstable_if action=reinterpret pc=0x0000000002f97200 method=java.util.LinkedHashMap.afterNodeInsertion(Z)V @ 18
Event: 3.950 Thread 0x0000000002287000 Uncommon trap: reason=unstable_if action=reinterpret pc=0x000000000329b1d8 method=org.codehaus.plexus.interpolation.StringSearchInterpolator.interpolate(Ljava/lang/String;Lorg/codehaus/plexus/interpolation/RecursionInterceptor;Ljava/util/Set;)Ljava/lang/S
Event: 3.992 Thread 0x0000000002287000 Uncommon trap: reason=speculate_class_check action=maybe_recompile pc=0x0000000002f58fb4 method=java.nio.charset.CharsetDecoder.decode(Ljava/nio/ByteBuffer;Ljava/nio/CharBuffer;Z)Ljava/nio/charset/CoderResult; @ 57
Event: 3.992 Thread 0x0000000002287000 Uncommon trap: reason=class_check action=maybe_recompile pc=0x0000000002d01060 method=java.nio.charset.CharsetDecoder.decode(Ljava/nio/ByteBuffer;Ljava/nio/CharBuffer;Z)Ljava/nio/charset/CoderResult; @ 57
Event: 3.992 Thread 0x0000000002287000 Uncommon trap: reason=speculate_class_check action=maybe_recompile pc=0x0000000002f58fb4 method=java.nio.charset.CharsetDecoder.decode(Ljava/nio/ByteBuffer;Ljava/nio/CharBuffer;Z)Ljava/nio/charset/CoderResult; @ 57
Event: 3.992 Thread 0x0000000002287000 Uncommon trap: reason=class_check action=maybe_recompile pc=0x0000000002d01060 method=java.nio.charset.CharsetDecoder.decode(Ljava/nio/ByteBuffer;Ljava/nio/CharBuffer;Z)Ljava/nio/charset/CoderResult; @ 57
Event: 3.993 Thread 0x0000000002287000 Uncommon trap: reason=speculate_class_check action=maybe_recompile pc=0x0000000002f58fb4 method=java.nio.charset.CharsetDecoder.decode(Ljava/nio/ByteBuffer;Ljava/nio/CharBuffer;Z)Ljava/nio/charset/CoderResult; @ 57
Event: 3.993 Thread 0x0000000002287000 Uncommon trap: reason=class_check action=maybe_recompile pc=0x0000000002d01060 method=java.nio.charset.CharsetDecoder.decode(Ljava/nio/ByteBuffer;Ljava/nio/CharBuffer;Z)Ljava/nio/charset/CoderResult; @ 57
Event: 3.993 Thread 0x0000000002287000 Uncommon trap: reason=speculate_class_check action=maybe_recompile pc=0x0000000002f58fb4 method=java.nio.charset.CharsetDecoder.decode(Ljava/nio/ByteBuffer;Ljava/nio/CharBuffer;Z)Ljava/nio/charset/CoderResult; @ 57
Event: 3.993 Thread 0x0000000002287000 Uncommon trap: reason=class_check action=maybe_recompile pc=0x0000000002d01060 method=java.nio.charset.CharsetDecoder.decode(Ljava/nio/ByteBuffer;Ljava/nio/CharBuffer;Z)Ljava/nio/charset/CoderResult; @ 57

Classes redefined (0 events):
No events

Internal exceptions (33 events):
Event: 0.073 Thread 0x0000000002287000 Exception <a 'java/lang/NoSuchMethodError': Method sun.misc.Unsafe.defineClass(Ljava/lang/String;[BII)Ljava/lang/Class; name or signature does not match> (0x00000000d6187cb8) thrown at [C:\cygwin64\tmp\ojdkbuild\lookaside\java-1.8.0-openjdk\hotspot\src\sh
Event: 0.073 Thread 0x0000000002287000 Exception <a 'java/lang/NoSuchMethodError': Method sun.misc.Unsafe.prefetchRead(Ljava/lang/Object;J)V name or signature does not match> (0x00000000d6187fa0) thrown at [C:\cygwin64\tmp\ojdkbuild\lookaside\java-1.8.0-openjdk\hotspot\src\share\vm\prims\jni.c
Event: 0.447 Thread 0x0000000002287000 Exception <a 'java/security/PrivilegedActionException'> (0x00000000d6529b58) thrown at [C:\cygwin64\tmp\ojdkbuild\lookaside\java-1.8.0-openjdk\hotspot\src\share\vm\prims\jvm.cpp, line 1501]
Event: 0.447 Thread 0x0000000002287000 Exception <a 'java/security/PrivilegedActionException'> (0x00000000d6529d68) thrown at [C:\cygwin64\tmp\ojdkbuild\lookaside\java-1.8.0-openjdk\hotspot\src\share\vm\prims\jvm.cpp, line 1501]
Event: 0.447 Thread 0x0000000002287000 Exception <a 'java/security/PrivilegedActionException'> (0x00000000d652ebc0) thrown at [C:\cygwin64\tmp\ojdkbuild\lookaside\java-1.8.0-openjdk\hotspot\src\share\vm\prims\jvm.cpp, line 1501]
Event: 0.447 Thread 0x0000000002287000 Exception <a 'java/security/PrivilegedActionException'> (0x00000000d652edd0) thrown at [C:\cygwin64\tmp\ojdkbuild\lookaside\java-1.8.0-openjdk\hotspot\src\share\vm\prims\jvm.cpp, line 1501]
Event: 0.447 Thread 0x0000000002287000 Exception <a 'java/security/PrivilegedActionException'> (0x00000000d6530a20) thrown at [C:\cygwin64\tmp\ojdkbuild\lookaside\java-1.8.0-openjdk\hotspot\src\share\vm\prims\jvm.cpp, line 1501]
Event: 0.447 Thread 0x0000000002287000 Exception <a 'java/security/PrivilegedActionException'> (0x00000000d6530c30) thrown at [C:\cygwin64\tmp\ojdkbuild\lookaside\java-1.8.0-openjdk\hotspot\src\share\vm\prims\jvm.cpp, line 1501]
Event: 0.972 Thread 0x0000000002287000 Exception <a 'java/lang/ArrayIndexOutOfBoundsException'> (0x00000000d780c700) thrown at [C:\cygwin64\tmp\ojdkbuild\lookaside\java-1.8.0-openjdk\hotspot\src\share\vm\runtime\sharedRuntime.cpp, line 615]
Event: 0.975 Thread 0x0000000002287000 Exception <a 'java/lang/ArrayIndexOutOfBoundsException'> (0x00000000d7830470) thrown at [C:\cygwin64\tmp\ojdkbuild\lookaside\java-1.8.0-openjdk\hotspot\src\share\vm\runtime\sharedRuntime.cpp, line 615]
Event: 0.981 Thread 0x0000000002287000 Exception <a 'java/lang/ArrayIndexOutOfBoundsException'> (0x00000000d7873e10) thrown at [C:\cygwin64\tmp\ojdkbuild\lookaside\java-1.8.0-openjdk\hotspot\src\share\vm\runtime\sharedRuntime.cpp, line 615]
Event: 1.121 Thread 0x0000000002287000 Exception <a 'java/lang/ArrayIndexOutOfBoundsException'> (0x00000000d637dec8) thrown at [C:\cygwin64\tmp\ojdkbuild\lookaside\java-1.8.0-openjdk\hotspot\src\share\vm\runtime\sharedRuntime.cpp, line 615]
Event: 1.121 Thread 0x0000000002287000 Exception <a 'java/lang/ArrayIndexOutOfBoundsException'> (0x00000000d637fa58) thrown at [C:\cygwin64\tmp\ojdkbuild\lookaside\java-1.8.0-openjdk\hotspot\src\share\vm\runtime\sharedRuntime.cpp, line 615]
Event: 1.198 Thread 0x0000000002287000 Exception <a 'java/lang/ArrayIndexOutOfBoundsException': 66> (0x00000000d663ad48) thrown at [C:\cygwin64\tmp\ojdkbuild\lookaside\java-1.8.0-openjdk\hotspot\src\share\vm\interpreter\interpreterRuntime.cpp, line 371]
Event: 1.813 Thread 0x0000000002287000 Exception <a 'java/lang/NoClassDefFoundError': com/google/inject/servlet/ServletModuleTargetVisitor> (0x00000000d6a51220) thrown at [C:\cygwin64\tmp\ojdkbuild\lookaside\java-1.8.0-openjdk\hotspot\src\share\vm\classfile\systemDictionary.cpp, line 199]
Event: 1.813 Thread 0x0000000002287000 Exception <a 'java/lang/NoClassDefFoundError'> (0x00000000d6a51220) thrown at [C:\cygwin64\tmp\ojdkbuild\lookaside\java-1.8.0-openjdk\hotspot\src\share\vm\prims\jvm.cpp, line 1505]
Event: 1.813 Thread 0x0000000002287000 Exception <a 'java/lang/NoClassDefFoundError': javax/annotation/Priority> (0x00000000d6a58570) thrown at [C:\cygwin64\tmp\ojdkbuild\lookaside\java-1.8.0-openjdk\hotspot\src\share\vm\classfile\systemDictionary.cpp, line 199]
Event: 1.988 Thread 0x0000000002287000 Implicit null exception at 0x0000000002befb88 to 0x0000000002befd41
Event: 2.049 Thread 0x0000000002287000 Exception <a 'java/lang/NullPointerException'> (0x00000000d6f7c6b0) thrown at [C:\cygwin64\tmp\ojdkbuild\lookaside\java-1.8.0-openjdk\hotspot\src\share\vm\interpreter\linkResolver.cpp, line 1185]
Event: 2.049 Thread 0x0000000002287000 Exception <a 'java/lang/NullPointerException'> (0x00000000d6f7c8c8) thrown at [C:\cygwin64\tmp\ojdkbuild\lookaside\java-1.8.0-openjdk\hotspot\src\share\vm\interpreter\linkResolver.cpp, line 1185]
Event: 2.049 Thread 0x0000000002287000 Exception <a 'java/lang/NullPointerException'> (0x00000000d6f7cae0) thrown at [C:\cygwin64\tmp\ojdkbuild\lookaside\java-1.8.0-openjdk\hotspot\src\share\vm\interpreter\linkResolver.cpp, line 1185]
Event: 2.049 Thread 0x0000000002287000 Exception <a 'java/lang/NullPointerException'> (0x00000000d6f86730) thrown at [C:\cygwin64\tmp\ojdkbuild\lookaside\java-1.8.0-openjdk\hotspot\src\share\vm\interpreter\linkResolver.cpp, line 1185]
Event: 2.049 Thread 0x0000000002287000 Exception <a 'java/lang/NullPointerException'> (0x00000000d6f86948) thrown at [C:\cygwin64\tmp\ojdkbuild\lookaside\java-1.8.0-openjdk\hotspot\src\share\vm\interpreter\linkResolver.cpp, line 1185]
Event: 2.049 Thread 0x0000000002287000 Exception <a 'java/lang/NullPointerException'> (0x00000000d6f86b60) thrown at [C:\cygwin64\tmp\ojdkbuild\lookaside\java-1.8.0-openjdk\hotspot\src\share\vm\interpreter\linkResolver.cpp, line 1185]
Event: 2.077 Thread 0x0000000002287000 Implicit null exception at 0x0000000002c4c886 to 0x0000000002c4cc15
Event: 2.077 Thread 0x0000000002287000 Implicit null exception at 0x0000000002c03186 to 0x0000000002c03509
Event: 2.273 Thread 0x0000000002287000 Implicit null exception at 0x0000000002fbd8b8 to 0x0000000002fbeb4d
Event: 2.623 Thread 0x0000000002287000 Implicit null exception at 0x00000000030be15f to 0x00000000030be3a1
Event: 2.734 Thread 0x0000000002287000 Implicit null exception at 0x0000000002dc1685 to 0x0000000002dc1851
Event: 2.734 Thread 0x0000000002287000 Implicit null exception at 0x0000000002e7222f to 0x0000000002e72295
Event: 2.855 Thread 0x0000000002287000 Implicit null exception at 0x00000000030a02da to 0x00000000030a0579
Event: 2.855 Thread 0x0000000002287000 Implicit null exception at 0x0000000003015c08 to 0x00000000030164b9
Event: 2.857 Thread 0x0000000002287000 Implicit null exception at 0x0000000002e0788b to 0x0000000002e07d01

Events (250 events):
Event: 2.953 Thread 0x0000000002287000 DEOPT UNPACKING pc=0x0000000002a59cd0 sp=0x000000000273ccc0 mode 0
Event: 2.954 Thread 0x0000000002287000 DEOPT PACKING pc=0x000000000310f273 sp=0x000000000273cd50
Event: 2.954 Thread 0x0000000002287000 DEOPT UNPACKING pc=0x0000000002a59cd0 sp=0x000000000273cb50 mode 0
Event: 2.956 Thread 0x0000000002287000 DEOPT PACKING pc=0x0000000003133d72 sp=0x000000000273cd90
Event: 2.956 Thread 0x0000000002287000 DEOPT UNPACKING pc=0x0000000002a59cd0 sp=0x000000000273cc10 mode 0
Event: 2.957 Thread 0x0000000002287000 DEOPT PACKING pc=0x000000000310f273 sp=0x000000000273cec0
Event: 2.957 Thread 0x0000000002287000 DEOPT UNPACKING pc=0x0000000002a59cd0 sp=0x000000000273ccc0 mode 0
Event: 2.957 Thread 0x0000000002287000 DEOPT PACKING pc=0x000000000310f273 sp=0x000000000273ccd0
Event: 2.957 Thread 0x0000000002287000 DEOPT UNPACKING pc=0x0000000002a59cd0 sp=0x000000000273cad0 mode 0
Event: 2.958 Thread 0x0000000002287000 DEOPT PACKING pc=0x000000000310f273 sp=0x000000000273cd50
Event: 2.958 Thread 0x0000000002287000 DEOPT UNPACKING pc=0x0000000002a59cd0 sp=0x000000000273cb50 mode 0
Event: 2.962 Thread 0x0000000002287000 DEOPT PACKING pc=0x0000000003133d72 sp=0x000000000273cd90
Event: 2.962 Thread 0x0000000002287000 DEOPT UNPACKING pc=0x0000000002a59cd0 sp=0x000000000273cc10 mode 0
Event: 2.968 Thread 0x0000000002287000 DEOPT PACKING pc=0x0000000002fe4207 sp=0x000000000273c3e0
Event: 2.968 Thread 0x0000000002287000 DEOPT UNPACKING pc=0x0000000002a59cd0 sp=0x000000000273c140 mode 0
Event: 2.971 Thread 0x0000000002287000 DEOPT PACKING pc=0x0000000003133d72 sp=0x000000000273cd90
Event: 2.971 Thread 0x0000000002287000 DEOPT UNPACKING pc=0x0000000002a59cd0 sp=0x000000000273cc10 mode 0
Event: 2.978 Thread 0x0000000002287000 DEOPT PACKING pc=0x0000000003133d72 sp=0x000000000273cd90
Event: 2.978 Thread 0x0000000002287000 DEOPT UNPACKING pc=0x0000000002a59cd0 sp=0x000000000273cc10 mode 0
Event: 2.985 Thread 0x0000000002287000 DEOPT PACKING pc=0x0000000003133d72 sp=0x000000000273cd90
Event: 2.985 Thread 0x0000000002287000 DEOPT UNPACKING pc=0x0000000002a59cd0 sp=0x000000000273cc10 mode 0
Event: 2.996 loading class org/eclipse/aether/internal/impl/collect/DataPool$GoodDescriptor
Event: 2.996 loading class org/eclipse/aether/internal/impl/collect/DataPool$GoodDescriptor done
Event: 2.996 loading class org/eclipse/aether/internal/impl/collect/DataPool$Descriptor
Event: 2.996 loading class org/eclipse/aether/internal/impl/collect/DataPool$Descriptor done
Event: 2.997 loading class org/eclipse/aether/internal/impl/collect/DataPool$GraphKey
Event: 2.997 loading class org/eclipse/aether/internal/impl/collect/DataPool$GraphKey done
Event: 3.000 loading class org/eclipse/aether/collection/DependencyManagement
Event: 3.000 loading class org/eclipse/aether/collection/DependencyManagement done
Event: 3.002 Thread 0x0000000002287000 DEOPT PACKING pc=0x0000000003133d72 sp=0x000000000273cd10
Event: 3.002 Thread 0x0000000002287000 DEOPT UNPACKING pc=0x0000000002a59cd0 sp=0x000000000273cb90 mode 0
Event: 3.004 Thread 0x0000000002287000 DEOPT PACKING pc=0x0000000003133d72 sp=0x000000000273cba0
Event: 3.004 Thread 0x0000000002287000 DEOPT UNPACKING pc=0x0000000002a59cd0 sp=0x000000000273ca20 mode 0
Event: 3.020 Thread 0x0000000002287000 DEOPT PACKING pc=0x0000000002f78928 sp=0x000000000273c750
Event: 3.020 Thread 0x0000000002287000 DEOPT UNPACKING pc=0x0000000002a59cd0 sp=0x000000000273c4a8 mode 0
Event: 3.059 loading class org/eclipse/aether/util/graph/selector/ExclusionDependencySelector$ExclusionComparator
Event: 3.059 loading class org/eclipse/aether/util/graph/selector/ExclusionDependencySelector$ExclusionComparator done
Event: 3.118 Thread 0x0000000002287000 DEOPT PACKING pc=0x0000000002ffb6e9 sp=0x000000000273cdb0
Event: 3.118 Thread 0x0000000002287000 DEOPT UNPACKING pc=0x0000000002a59cd0 sp=0x000000000273cb00 mode 0
Event: 3.127 Executing VM operation: ForceSafepoint
Event: 3.127 Executing VM operation: ForceSafepoint done
Event: 3.151 Thread 0x0000000002287000 Uncommon trap: trap_request=0xffffffc6 fr.pc=0x0000000002fe4c44
Event: 3.151 Thread 0x0000000002287000 DEOPT PACKING pc=0x0000000002fe4c44 sp=0x000000000273cd40
Event: 3.151 Thread 0x0000000002287000 DEOPT UNPACKING pc=0x0000000002a5807b sp=0x000000000273ccb8 mode 2
Event: 3.156 Thread 0x0000000002287000 DEOPT PACKING pc=0x0000000002f795fe sp=0x000000000273c080
Event: 3.156 Thread 0x0000000002287000 DEOPT UNPACKING pc=0x0000000002a59cd0 sp=0x000000000273bdd8 mode 0
Event: 3.161 Thread 0x0000000002287000 Uncommon trap: trap_request=0xffffffc6 fr.pc=0x0000000002fe4c44
Event: 3.161 Thread 0x0000000002287000 DEOPT PACKING pc=0x0000000002fe4c44 sp=0x000000000273cd40
Event: 3.161 Thread 0x0000000002287000 DEOPT UNPACKING pc=0x0000000002a5807b sp=0x000000000273ccb8 mode 2
Event: 3.165 Thread 0x0000000002287000 Uncommon trap: trap_request=0xffffffc6 fr.pc=0x0000000002fe4c44
Event: 3.165 Thread 0x0000000002287000 DEOPT PACKING pc=0x0000000002fe4c44 sp=0x000000000273cd40
Event: 3.165 Thread 0x0000000002287000 DEOPT UNPACKING pc=0x0000000002a5807b sp=0x000000000273ccb8 mode 2
Event: 3.172 Thread 0x0000000002287000 Uncommon trap: trap_request=0xffffffde fr.pc=0x00000000031db784
Event: 3.172 Thread 0x0000000002287000 DEOPT PACKING pc=0x00000000031db784 sp=0x000000000273cd60
Event: 3.172 Thread 0x0000000002287000 DEOPT UNPACKING pc=0x0000000002a5807b sp=0x000000000273cd00 mode 2
Event: 3.172 Thread 0x0000000002287000 Uncommon trap: trap_request=0xffffffde fr.pc=0x00000000031db784
Event: 3.172 Thread 0x0000000002287000 DEOPT PACKING pc=0x00000000031db784 sp=0x000000000273cce0
Event: 3.172 Thread 0x0000000002287000 DEOPT UNPACKING pc=0x0000000002a5807b sp=0x000000000273cc90 mode 2
Event: 3.172 Thread 0x0000000002287000 Uncommon trap: trap_request=0xffffffde fr.pc=0x00000000031db794
Event: 3.172 Thread 0x0000000002287000 DEOPT PACKING pc=0x00000000031db794 sp=0x000000000273cc70
Event: 3.172 Thread 0x0000000002287000 DEOPT UNPACKING pc=0x0000000002a5807b sp=0x000000000273cbc0 mode 2
Event: 3.172 Thread 0x0000000002287000 Uncommon trap: trap_request=0xffffffde fr.pc=0x00000000031db784
Event: 3.172 Thread 0x0000000002287000 DEOPT PACKING pc=0x00000000031db784 sp=0x000000000273cd60
Event: 3.172 Thread 0x0000000002287000 DEOPT UNPACKING pc=0x0000000002a5807b sp=0x000000000273cd00 mode 2
Event: 3.172 Thread 0x0000000002287000 Uncommon trap: trap_request=0xffffffde fr.pc=0x00000000031db784
Event: 3.172 Thread 0x0000000002287000 DEOPT PACKING pc=0x00000000031db784 sp=0x000000000273cce0
Event: 3.172 Thread 0x0000000002287000 DEOPT UNPACKING pc=0x0000000002a5807b sp=0x000000000273cc90 mode 2
Event: 3.172 Thread 0x0000000002287000 Uncommon trap: trap_request=0xffffffde fr.pc=0x00000000030ab4dc
Event: 3.172 Thread 0x0000000002287000 DEOPT PACKING pc=0x00000000030ab4dc sp=0x000000000273cc20
Event: 3.172 Thread 0x0000000002287000 DEOPT UNPACKING pc=0x0000000002a5807b sp=0x000000000273cbc0 mode 2
Event: 3.172 Thread 0x0000000002287000 Uncommon trap: trap_request=0xffffffde fr.pc=0x00000000030ab4dc
Event: 3.172 Thread 0x0000000002287000 DEOPT PACKING pc=0x00000000030ab4dc sp=0x000000000273cc30
Event: 3.172 Thread 0x0000000002287000 DEOPT UNPACKING pc=0x0000000002a5807b sp=0x000000000273cbd0 mode 2
Event: 3.172 Thread 0x0000000002287000 Uncommon trap: trap_request=0xffffffde fr.pc=0x00000000030ab4dc
Event: 3.172 Thread 0x0000000002287000 DEOPT PACKING pc=0x00000000030ab4dc sp=0x000000000273cc30
Event: 3.172 Thread 0x0000000002287000 DEOPT UNPACKING pc=0x0000000002a5807b sp=0x000000000273cbd0 mode 2
Event: 3.183 Thread 0x0000000002287000 Uncommon trap: trap_request=0xffffffc6 fr.pc=0x0000000002fe4c44
Event: 3.183 Thread 0x0000000002287000 DEOPT PACKING pc=0x0000000002fe4c44 sp=0x000000000273d2f0
Event: 3.183 Thread 0x0000000002287000 DEOPT UNPACKING pc=0x0000000002a5807b sp=0x000000000273d258 mode 2
Event: 3.209 Thread 0x0000000002287000 Uncommon trap: trap_request=0xffffff65 fr.pc=0x0000000003148d18
Event: 3.209 Thread 0x0000000002287000 DEOPT PACKING pc=0x0000000003148d18 sp=0x000000000273c9c0
Event: 3.209 Thread 0x0000000002287000 DEOPT UNPACKING pc=0x0000000002a5807b sp=0x000000000273c928 mode 2
Event: 3.214 Thread 0x0000000002287000 DEOPT PACKING pc=0x000000000322c231 sp=0x000000000273c7b0
Event: 3.214 Thread 0x0000000002287000 DEOPT UNPACKING pc=0x0000000002a59cd0 sp=0x000000000273c578 mode 0
Event: 3.248 Thread 0x0000000002287000 DEOPT PACKING pc=0x000000000322c231 sp=0x000000000273c980
Event: 3.248 Thread 0x0000000002287000 DEOPT UNPACKING pc=0x0000000002a59cd0 sp=0x000000000273c748 mode 0
Event: 3.270 Thread 0x0000000002287000 DEOPT PACKING pc=0x000000000322c231 sp=0x000000000273cd50
Event: 3.270 Thread 0x0000000002287000 DEOPT UNPACKING pc=0x0000000002a59cd0 sp=0x000000000273cb18 mode 0
Event: 3.366 Thread 0x0000000002287000 DEOPT PACKING pc=0x000000000322c231 sp=0x000000000273c9d0
Event: 3.367 Thread 0x0000000002287000 DEOPT UNPACKING pc=0x0000000002a59cd0 sp=0x000000000273c798 mode 0
Event: 3.369 Thread 0x0000000002287000 DEOPT PACKING pc=0x000000000322c231 sp=0x000000000273c7a0
Event: 3.369 Thread 0x0000000002287000 DEOPT UNPACKING pc=0x0000000002a59cd0 sp=0x000000000273c568 mode 0
Event: 3.370 Thread 0x0000000002287000 DEOPT PACKING pc=0x000000000322c231 sp=0x000000000273c7d0
Event: 3.370 Thread 0x0000000002287000 DEOPT UNPACKING pc=0x0000000002a59cd0 sp=0x000000000273c598 mode 0
Event: 3.377 Thread 0x0000000002287000 DEOPT PACKING pc=0x000000000322c231 sp=0x000000000273c830
Event: 3.377 Thread 0x0000000002287000 DEOPT UNPACKING pc=0x0000000002a59cd0 sp=0x000000000273c5f8 mode 0
Event: 3.382 Thread 0x0000000002287000 DEOPT PACKING pc=0x000000000322c231 sp=0x000000000273c660
Event: 3.382 Thread 0x0000000002287000 DEOPT UNPACKING pc=0x0000000002a59cd0 sp=0x000000000273c428 mode 0
Event: 3.388 Thread 0x0000000002287000 DEOPT PACKING pc=0x000000000322c231 sp=0x000000000273c810
Event: 3.388 Thread 0x0000000002287000 DEOPT UNPACKING pc=0x0000000002a59cd0 sp=0x000000000273c5d8 mode 0
Event: 3.390 Thread 0x0000000002287000 DEOPT PACKING pc=0x000000000322c231 sp=0x000000000273c480
Event: 3.390 Thread 0x0000000002287000 DEOPT UNPACKING pc=0x0000000002a59cd0 sp=0x000000000273c248 mode 0
Event: 3.391 Thread 0x0000000002287000 DEOPT PACKING pc=0x000000000322c231 sp=0x000000000273c480
Event: 3.391 Thread 0x0000000002287000 DEOPT UNPACKING pc=0x0000000002a59cd0 sp=0x000000000273c248 mode 0
Event: 3.400 Thread 0x0000000002287000 DEOPT PACKING pc=0x000000000322c231 sp=0x000000000273c370
Event: 3.400 Thread 0x0000000002287000 DEOPT UNPACKING pc=0x0000000002a59cd0 sp=0x000000000273c138 mode 0
Event: 3.409 Thread 0x0000000002287000 DEOPT PACKING pc=0x000000000322c231 sp=0x000000000273d200
Event: 3.409 Thread 0x0000000002287000 DEOPT UNPACKING pc=0x0000000002a59cd0 sp=0x000000000273cfc8 mode 0
Event: 3.413 Thread 0x0000000002287000 DEOPT PACKING pc=0x000000000322c231 sp=0x000000000273d150
Event: 3.413 Thread 0x0000000002287000 DEOPT UNPACKING pc=0x0000000002a59cd0 sp=0x000000000273cf18 mode 0
Event: 3.414 Thread 0x0000000002287000 DEOPT PACKING pc=0x000000000322c231 sp=0x000000000273cea0
Event: 3.414 Thread 0x0000000002287000 DEOPT UNPACKING pc=0x0000000002a59cd0 sp=0x000000000273cc68 mode 0
Event: 3.435 Thread 0x0000000002287000 DEOPT PACKING pc=0x000000000322c231 sp=0x000000000273cf00
Event: 3.435 Thread 0x0000000002287000 DEOPT UNPACKING pc=0x0000000002a59cd0 sp=0x000000000273ccc8 mode 0
Event: 3.436 Thread 0x0000000002287000 DEOPT PACKING pc=0x000000000322c231 sp=0x000000000273cf00
Event: 3.436 Thread 0x0000000002287000 DEOPT UNPACKING pc=0x0000000002a59cd0 sp=0x000000000273ccc8 mode 0
Event: 3.436 Thread 0x0000000002287000 DEOPT PACKING pc=0x000000000322c231 sp=0x000000000273cf00
Event: 3.436 Thread 0x0000000002287000 DEOPT UNPACKING pc=0x0000000002a59cd0 sp=0x000000000273ccc8 mode 0
Event: 3.437 Thread 0x0000000002287000 DEOPT PACKING pc=0x000000000322c231 sp=0x000000000273ce80
Event: 3.437 Thread 0x0000000002287000 DEOPT UNPACKING pc=0x0000000002a59cd0 sp=0x000000000273cc48 mode 0
Event: 3.437 Thread 0x0000000002287000 DEOPT PACKING pc=0x000000000322c231 sp=0x000000000273ce20
Event: 3.437 Thread 0x0000000002287000 DEOPT UNPACKING pc=0x0000000002a59cd0 sp=0x000000000273cbe8 mode 0
Event: 3.445 Thread 0x0000000002287000 DEOPT PACKING pc=0x000000000322c231 sp=0x000000000273cdc0
Event: 3.445 Thread 0x0000000002287000 DEOPT UNPACKING pc=0x0000000002a59cd0 sp=0x000000000273cb88 mode 0
Event: 3.450 Thread 0x0000000002287000 DEOPT PACKING pc=0x000000000322c231 sp=0x000000000273cf00
Event: 3.450 Thread 0x0000000002287000 DEOPT UNPACKING pc=0x0000000002a59cd0 sp=0x000000000273ccc8 mode 0
Event: 3.451 Thread 0x0000000002287000 DEOPT PACKING pc=0x000000000322c231 sp=0x000000000273ce80
Event: 3.451 Thread 0x0000000002287000 DEOPT UNPACKING pc=0x0000000002a59cd0 sp=0x000000000273cc48 mode 0
Event: 3.452 Thread 0x0000000002287000 DEOPT PACKING pc=0x000000000322c231 sp=0x000000000273cf00
Event: 3.452 Thread 0x0000000002287000 DEOPT UNPACKING pc=0x0000000002a59cd0 sp=0x000000000273ccc8 mode 0
Event: 3.452 Thread 0x0000000002287000 DEOPT PACKING pc=0x000000000322c231 sp=0x000000000273cf00
Event: 3.452 Thread 0x0000000002287000 DEOPT UNPACKING pc=0x0000000002a59cd0 sp=0x000000000273ccc8 mode 0
Event: 3.453 Thread 0x0000000002287000 DEOPT PACKING pc=0x000000000322c231 sp=0x000000000273cf00
Event: 3.453 Thread 0x0000000002287000 DEOPT UNPACKING pc=0x0000000002a59cd0 sp=0x000000000273ccc8 mode 0
Event: 3.453 Thread 0x0000000002287000 DEOPT PACKING pc=0x000000000322c231 sp=0x000000000273cf00
Event: 3.453 Thread 0x0000000002287000 DEOPT UNPACKING pc=0x0000000002a59cd0 sp=0x000000000273ccc8 mode 0
Event: 3.473 Thread 0x0000000002287000 Uncommon trap: trap_request=0xffffff65 fr.pc=0x0000000002f97200
Event: 3.473 Thread 0x0000000002287000 DEOPT PACKING pc=0x0000000002f97200 sp=0x000000000273cc60
Event: 3.473 Thread 0x0000000002287000 DEOPT UNPACKING pc=0x0000000002a5807b sp=0x000000000273cbe8 mode 2
Event: 3.474 Thread 0x0000000002287000 DEOPT PACKING pc=0x000000000322c231 sp=0x000000000273cd80
Event: 3.474 Thread 0x0000000002287000 DEOPT UNPACKING pc=0x0000000002a59cd0 sp=0x000000000273cb48 mode 0
Event: 3.475 Thread 0x0000000002287000 DEOPT PACKING pc=0x000000000322c231 sp=0x000000000273cb60
Event: 3.475 Thread 0x0000000002287000 DEOPT UNPACKING pc=0x0000000002a59cd0 sp=0x000000000273c928 mode 0
Event: 3.475 Thread 0x0000000002287000 DEOPT PACKING pc=0x000000000322c231 sp=0x000000000273cb60
Event: 3.475 Thread 0x0000000002287000 DEOPT UNPACKING pc=0x0000000002a59cd0 sp=0x000000000273c928 mode 0
Event: 3.476 Thread 0x0000000002287000 DEOPT PACKING pc=0x000000000322c231 sp=0x000000000273cce0
Event: 3.476 Thread 0x0000000002287000 DEOPT UNPACKING pc=0x0000000002a59cd0 sp=0x000000000273caa8 mode 0
Event: 3.476 Thread 0x0000000002287000 DEOPT PACKING pc=0x000000000322c231 sp=0x000000000273cbe0
Event: 3.476 Thread 0x0000000002287000 DEOPT UNPACKING pc=0x0000000002a59cd0 sp=0x000000000273c9a8 mode 0
Event: 3.477 Thread 0x0000000002287000 DEOPT PACKING pc=0x000000000322c231 sp=0x000000000273cb60
Event: 3.477 Thread 0x0000000002287000 DEOPT UNPACKING pc=0x0000000002a59cd0 sp=0x000000000273c928 mode 0
Event: 3.477 Thread 0x0000000002287000 DEOPT PACKING pc=0x000000000322c231 sp=0x000000000273cb60
Event: 3.477 Thread 0x0000000002287000 DEOPT UNPACKING pc=0x0000000002a59cd0 sp=0x000000000273c928 mode 0
Event: 3.478 Thread 0x0000000002287000 DEOPT PACKING pc=0x000000000322c231 sp=0x000000000273cbe0
Event: 3.478 Thread 0x0000000002287000 DEOPT UNPACKING pc=0x0000000002a59cd0 sp=0x000000000273c9a8 mode 0
Event: 3.478 Thread 0x0000000002287000 DEOPT PACKING pc=0x000000000322c231 sp=0x000000000273cbe0
Event: 3.478 Thread 0x0000000002287000 DEOPT UNPACKING pc=0x0000000002a59cd0 sp=0x000000000273c9a8 mode 0
Event: 3.479 Thread 0x0000000002287000 DEOPT PACKING pc=0x000000000322c231 sp=0x000000000273ca20
Event: 3.479 Thread 0x0000000002287000 DEOPT UNPACKING pc=0x0000000002a59cd0 sp=0x000000000273c7e8 mode 0
Event: 3.482 Thread 0x0000000002287000 DEOPT PACKING pc=0x000000000322c231 sp=0x000000000273ccd0
Event: 3.482 Thread 0x0000000002287000 DEOPT UNPACKING pc=0x0000000002a59cd0 sp=0x000000000273ca98 mode 0
Event: 3.482 Thread 0x0000000002287000 DEOPT PACKING pc=0x000000000322c231 sp=0x000000000273c940
Event: 3.482 Thread 0x0000000002287000 DEOPT UNPACKING pc=0x0000000002a59cd0 sp=0x000000000273c708 mode 0
Event: 3.487 Executing VM operation: ParallelGCFailedAllocation
Event: 3.623 Executing VM operation: ParallelGCFailedAllocation done
Event: 3.626 Thread 0x0000000002287000 DEOPT PACKING pc=0x0000000003237c8c sp=0x000000000273c740
Event: 3.626 Thread 0x0000000002287000 DEOPT UNPACKING pc=0x0000000002a59cd0 sp=0x000000000273c498 mode 0
Event: 3.630 Thread 0x0000000002287000 DEOPT PACKING pc=0x000000000322c231 sp=0x000000000273ca80
Event: 3.630 Thread 0x0000000002287000 DEOPT UNPACKING pc=0x0000000002a59cd0 sp=0x000000000273c848 mode 0
Event: 3.632 Thread 0x0000000002287000 DEOPT PACKING pc=0x000000000322c231 sp=0x000000000273c7a0
Event: 3.632 Thread 0x0000000002287000 DEOPT UNPACKING pc=0x0000000002a59cd0 sp=0x000000000273c568 mode 0
Event: 3.635 Thread 0x0000000002287000 DEOPT PACKING pc=0x000000000322c231 sp=0x000000000273cab0
Event: 3.635 Thread 0x0000000002287000 DEOPT UNPACKING pc=0x0000000002a59cd0 sp=0x000000000273c878 mode 0
Event: 3.636 Thread 0x0000000002287000 DEOPT PACKING pc=0x000000000322c231 sp=0x000000000273c970
Event: 3.636 Thread 0x0000000002287000 DEOPT UNPACKING pc=0x0000000002a59cd0 sp=0x000000000273c738 mode 0
Event: 3.637 Thread 0x0000000002287000 DEOPT PACKING pc=0x000000000322c231 sp=0x000000000273c700
Event: 3.637 Thread 0x0000000002287000 DEOPT UNPACKING pc=0x0000000002a59cd0 sp=0x000000000273c4c8 mode 0
Event: 3.669 Thread 0x0000000002287000 DEOPT PACKING pc=0x000000000322c231 sp=0x000000000273c2f0
Event: 3.669 Thread 0x0000000002287000 DEOPT UNPACKING pc=0x0000000002a59cd0 sp=0x000000000273c0b8 mode 0
Event: 3.669 Thread 0x0000000002287000 DEOPT PACKING pc=0x000000000322c231 sp=0x000000000273c290
Event: 3.669 Thread 0x0000000002287000 DEOPT UNPACKING pc=0x0000000002a59cd0 sp=0x000000000273c058 mode 0
Event: 3.682 Thread 0x0000000002287000 DEOPT PACKING pc=0x000000000322c231 sp=0x000000000273c170
Event: 3.682 Thread 0x0000000002287000 DEOPT UNPACKING pc=0x0000000002a59cd0 sp=0x000000000273bf38 mode 0
Event: 3.684 Thread 0x0000000002287000 DEOPT PACKING pc=0x000000000322c231 sp=0x000000000273c000
Event: 3.684 Thread 0x0000000002287000 DEOPT UNPACKING pc=0x0000000002a59cd0 sp=0x000000000273bdc8 mode 0
Event: 3.686 Thread 0x0000000002287000 DEOPT PACKING pc=0x000000000322c231 sp=0x000000000273bcf0
Event: 3.686 Thread 0x0000000002287000 DEOPT UNPACKING pc=0x0000000002a59cd0 sp=0x000000000273bab8 mode 0
Event: 3.687 Thread 0x0000000002287000 DEOPT PACKING pc=0x000000000322c231 sp=0x000000000273bc70
Event: 3.687 Thread 0x0000000002287000 DEOPT UNPACKING pc=0x0000000002a59cd0 sp=0x000000000273ba38 mode 0
Event: 3.693 Thread 0x0000000002287000 DEOPT PACKING pc=0x000000000322c231 sp=0x000000000273bdd0
Event: 3.693 Thread 0x0000000002287000 DEOPT UNPACKING pc=0x0000000002a59cd0 sp=0x000000000273bb98 mode 0
Event: 3.693 Thread 0x0000000002287000 DEOPT PACKING pc=0x000000000322c231 sp=0x000000000273bca0
Event: 3.693 Thread 0x0000000002287000 DEOPT UNPACKING pc=0x0000000002a59cd0 sp=0x000000000273ba68 mode 0
Event: 3.703 loading class java/util/AbstractMap$SimpleImmutableEntry
Event: 3.734 loading class java/util/AbstractMap$SimpleImmutableEntry done
Event: 3.736 Thread 0x0000000002287000 DEOPT PACKING pc=0x000000000322c231 sp=0x000000000273be70
Event: 3.736 Thread 0x0000000002287000 DEOPT UNPACKING pc=0x0000000002a59cd0 sp=0x000000000273bc38 mode 0
Event: 3.754 Thread 0x0000000002287000 DEOPT PACKING pc=0x000000000322c231 sp=0x000000000273c240
Event: 3.754 Thread 0x0000000002287000 DEOPT UNPACKING pc=0x0000000002a59cd0 sp=0x000000000273c008 mode 0
Event: 3.777 Thread 0x0000000002287000 DEOPT PACKING pc=0x000000000322c231 sp=0x000000000273c0c0
Event: 3.777 Thread 0x0000000002287000 DEOPT UNPACKING pc=0x0000000002a59cd0 sp=0x000000000273be88 mode 0
Event: 3.782 Thread 0x0000000002287000 DEOPT PACKING pc=0x000000000322c231 sp=0x000000000273c900
Event: 3.782 Thread 0x0000000002287000 DEOPT UNPACKING pc=0x0000000002a59cd0 sp=0x000000000273c6c8 mode 0
Event: 3.788 Thread 0x0000000002287000 DEOPT PACKING pc=0x000000000322c231 sp=0x000000000273c540
Event: 3.788 Thread 0x0000000002287000 DEOPT UNPACKING pc=0x0000000002a59cd0 sp=0x000000000273c308 mode 0
Event: 3.791 Thread 0x0000000002287000 DEOPT PACKING pc=0x000000000322c231 sp=0x000000000273c400
Event: 3.791 Thread 0x0000000002287000 DEOPT UNPACKING pc=0x0000000002a59cd0 sp=0x000000000273c1c8 mode 0
Event: 3.792 Thread 0x0000000002287000 DEOPT PACKING pc=0x000000000322c231 sp=0x000000000273c1a0
Event: 3.792 Thread 0x0000000002287000 DEOPT UNPACKING pc=0x0000000002a59cd0 sp=0x000000000273bf68 mode 0
Event: 3.796 Thread 0x0000000002287000 DEOPT PACKING pc=0x000000000322c231 sp=0x000000000273c480
Event: 3.796 Thread 0x0000000002287000 DEOPT UNPACKING pc=0x0000000002a59cd0 sp=0x000000000273c248 mode 0
Event: 3.950 Thread 0x0000000002287000 Uncommon trap: trap_request=0xffffff65 fr.pc=0x000000000329b1d8
Event: 3.950 Thread 0x0000000002287000 DEOPT PACKING pc=0x000000000329b1d8 sp=0x000000000273bf70
Event: 3.950 Thread 0x0000000002287000 DEOPT UNPACKING pc=0x0000000002a5807b sp=0x000000000273bf98 mode 2
Event: 3.991 loading class sun/nio/cs/ISO_8859_1$Decoder
Event: 3.992 loading class sun/nio/cs/ISO_8859_1$Decoder done
Event: 3.992 Thread 0x0000000002287000 Uncommon trap: trap_request=0xffffff76 fr.pc=0x0000000002f58fb4
Event: 3.992 Thread 0x0000000002287000 DEOPT PACKING pc=0x0000000002f58fb4 sp=0x000000000273cb40
Event: 3.992 Thread 0x0000000002287000 DEOPT UNPACKING pc=0x0000000002a5807b sp=0x000000000273ca40 mode 2
Event: 3.992 Thread 0x0000000002287000 Uncommon trap: trap_request=0xffffffde fr.pc=0x0000000002d01060
Event: 3.992 Thread 0x0000000002287000 DEOPT PACKING pc=0x0000000002d01060 sp=0x000000000273ca80
Event: 3.992 Thread 0x0000000002287000 DEOPT UNPACKING pc=0x0000000002a5807b sp=0x000000000273ca30 mode 2
Event: 3.992 Thread 0x0000000002287000 Uncommon trap: trap_request=0xffffff76 fr.pc=0x0000000002f58fb4
Event: 3.992 Thread 0x0000000002287000 DEOPT PACKING pc=0x0000000002f58fb4 sp=0x000000000273c920
Event: 3.992 Thread 0x0000000002287000 DEOPT UNPACKING pc=0x0000000002a5807b sp=0x000000000273c820 mode 2
Event: 3.992 Thread 0x0000000002287000 Uncommon trap: trap_request=0xffffffde fr.pc=0x0000000002d01060
Event: 3.992 Thread 0x0000000002287000 DEOPT PACKING pc=0x0000000002d01060 sp=0x000000000273c860
Event: 3.992 Thread 0x0000000002287000 DEOPT UNPACKING pc=0x0000000002a5807b sp=0x000000000273c810 mode 2
Event: 3.993 Thread 0x0000000002287000 Uncommon trap: trap_request=0xffffff76 fr.pc=0x0000000002f58fb4
Event: 3.993 Thread 0x0000000002287000 DEOPT PACKING pc=0x0000000002f58fb4 sp=0x000000000273c8c0
Event: 3.993 Thread 0x0000000002287000 DEOPT UNPACKING pc=0x0000000002a5807b sp=0x000000000273c7c0 mode 2
Event: 3.993 Thread 0x0000000002287000 Uncommon trap: trap_request=0xffffffde fr.pc=0x0000000002d01060
Event: 3.993 Thread 0x0000000002287000 DEOPT PACKING pc=0x0000000002d01060 sp=0x000000000273c800
Event: 3.993 Thread 0x0000000002287000 DEOPT UNPACKING pc=0x0000000002a5807b sp=0x000000000273c7b0 mode 2
Event: 3.993 Thread 0x0000000002287000 Uncommon trap: trap_request=0xffffff76 fr.pc=0x0000000002f58fb4
Event: 3.993 Thread 0x0000000002287000 DEOPT PACKING pc=0x0000000002f58fb4 sp=0x000000000273c840
Event: 3.993 Thread 0x0000000002287000 DEOPT UNPACKING pc=0x0000000002a5807b sp=0x000000000273c740 mode 2
Event: 3.993 Thread 0x0000000002287000 Uncommon trap: trap_request=0xffffffde fr.pc=0x0000000002d01060
Event: 3.993 Thread 0x0000000002287000 DEOPT PACKING pc=0x0000000002d01060 sp=0x000000000273c780
Event: 3.993 Thread 0x0000000002287000 DEOPT UNPACKING pc=0x0000000002a5807b sp=0x000000000273c730 mode 2
Event: 4.059 Thread 0x0000000002287000 DEOPT PACKING pc=0x0000000003064eca sp=0x000000000273c790
Event: 4.059 Thread 0x0000000002287000 DEOPT UNPACKING pc=0x0000000002a59cd0 sp=0x000000000273c528 mode 0
Event: 4.085 Thread 0x0000000002287000 DEOPT PACKING pc=0x0000000002ff4e4f sp=0x000000000273c120
Event: 4.085 Thread 0x0000000002287000 DEOPT UNPACKING pc=0x0000000002a59cd0 sp=0x000000000273bed8 mode 0
Event: 4.093 Executing VM operation: ParallelGCFailedAllocation
Event: 4.120 Executing VM operation: ParallelGCFailedAllocation done
Event: 4.201 Thread 0x0000000002287000 DEOPT PACKING pc=0x0000000003193b53 sp=0x000000000273cc80
Event: 4.202 Thread 0x0000000002287000 DEOPT UNPACKING pc=0x0000000002a59cd0 sp=0x000000000273cac0 mode 0
Event: 4.269 Executing VM operation: EnableBiasedLocking
Event: 4.269 Executing VM operation: EnableBiasedLocking done


Dynamic libraries:
0x000000013f130000 - 0x000000013f1bb000 	C:\Program Files\Java\java-1.8.0-openjdk-1.8.0.232-3.b09.redhat.windows.x86_64\bin\javaw.exe
0x0000000076dd0000 - 0x0000000076f7b000 	C:\Windows\SYSTEM32\ntdll.dll
0x0000000076bb0000 - 0x0000000076ccf000 	C:\Windows\system32\kernel32.dll
0x000007fefcde0000 - 0x000007fefce4c000 	C:\Windows\system32\KERNELBASE.dll
0x000007fefd100000 - 0x000007fefd1db000 	C:\Windows\system32\ADVAPI32.dll
0x000007fefd1e0000 - 0x000007fefd27f000 	C:\Windows\system32\msvcrt.dll
0x000007fefd490000 - 0x000007fefd4af000 	C:\Windows\SYSTEM32\sechost.dll
0x000007fefe200000 - 0x000007fefe32e000 	C:\Windows\system32\RPCRT4.dll
0x0000000076cd0000 - 0x0000000076dca000 	C:\Windows\system32\USER32.dll
0x000007fefdc50000 - 0x000007fefdcb7000 	C:\Windows\system32\GDI32.dll
0x000007fefdd40000 - 0x000007fefdd4e000 	C:\Windows\system32\LPK.dll
0x000007fefdb30000 - 0x000007fefdbfa000 	C:\Windows\system32\USP10.dll
0x000007fefb120000 - 0x000007fefb314000 	C:\Windows\WinSxS\amd64_microsoft.windows.common-controls_6595b64144ccf1df_6.0.7600.16385_none_fa645303170382f6\COMCTL32.dll
0x000007fefdcc0000 - 0x000007fefdd31000 	C:\Windows\system32\SHLWAPI.dll
0x000007fefd4b0000 - 0x000007fefd4de000 	C:\Windows\system32\IMM32.DLL
0x000007fefd4e0000 - 0x000007fefd5e9000 	C:\Windows\system32\MSCTF.dll
0x0000000072360000 - 0x0000000072432000 	C:\Program Files\Java\java-1.8.0-openjdk-1.8.0.232-3.b09.redhat.windows.x86_64\jre\bin\msvcr100.dll
0x000000006dbf0000 - 0x000000006e4ad000 	C:\Program Files\Java\java-1.8.0-openjdk-1.8.0.232-3.b09.redhat.windows.x86_64\jre\bin\server\jvm.dll
0x000007fefa550000 - 0x000007fefa559000 	C:\Windows\system32\WSOCK32.dll
0x000007fefdae0000 - 0x000007fefdb2d000 	C:\Windows\system32\WS2_32.dll
0x000007fefd870000 - 0x000007fefd878000 	C:\Windows\system32\NSI.dll
0x000007fef8660000 - 0x000007fef869b000 	C:\Windows\system32\WINMM.dll
0x000007fefbea0000 - 0x000007fefbeac000 	C:\Windows\system32\VERSION.dll
0x0000000076fa0000 - 0x0000000076fa7000 	C:\Windows\system32\PSAPI.DLL
0x000007fef94f0000 - 0x000007fef94ff000 	C:\Program Files\Java\java-1.8.0-openjdk-1.8.0.232-3.b09.redhat.windows.x86_64\jre\bin\verify.dll
0x000007fef5a40000 - 0x000007fef5a69000 	C:\Program Files\Java\java-1.8.0-openjdk-1.8.0.232-3.b09.redhat.windows.x86_64\jre\bin\java.dll
0x000007fef5a80000 - 0x000007fef5a96000 	C:\Program Files\Java\java-1.8.0-openjdk-1.8.0.232-3.b09.redhat.windows.x86_64\jre\bin\zip.dll
0x000007fefe350000 - 0x000007feff0d6000 	C:\Windows\system32\SHELL32.dll
0x000007fefdf70000 - 0x000007fefe171000 	C:\Windows\system32\ole32.dll
0x000007fefcd30000 - 0x000007fefcd3f000 	C:\Windows\system32\profapi.dll
0x000007fefc5c0000 - 0x000007fefc5d7000 	C:\Windows\system32\CRYPTSP.dll
0x000007fefc2c0000 - 0x000007fefc307000 	C:\Windows\system32\rsaenh.dll
0x000007fefc070000 - 0x000007fefc08e000 	C:\Windows\system32\USERENV.dll
0x000007fefcc20000 - 0x000007fefcc2f000 	C:\Windows\system32\CRYPTBASE.dll
0x000007fef6d70000 - 0x000007fef6d8a000 	C:\Program Files\Java\java-1.8.0-openjdk-1.8.0.232-3.b09.redhat.windows.x86_64\jre\bin\net.dll
0x000007fefc560000 - 0x000007fefc5b4000 	C:\Windows\system32\mswsock.dll
0x000007fefc550000 - 0x000007fefc557000 	C:\Windows\System32\wship6.dll
0x000007fefaa00000 - 0x000007fefaa27000 	C:\Windows\system32\IPHLPAPI.DLL
0x000007fefa9f0000 - 0x000007fefa9fb000 	C:\Windows\system32\WINNSI.DLL
0x000007fefa800000 - 0x000007fefa811000 	C:\Windows\system32\dhcpcsvc6.DLL
0x000007fefa7e0000 - 0x000007fefa7f8000 	C:\Windows\system32\dhcpcsvc.DLL
0x000007feef180000 - 0x000007feef192000 	C:\Program Files\Java\java-1.8.0-openjdk-1.8.0.232-3.b09.redhat.windows.x86_64\jre\bin\nio.dll
0x000007fef6d40000 - 0x000007fef6d4a000 	C:\Users\CGlenovo\AppData\Local\Temp\jansi-1.17.1-1059852807853476278.dll
0x000007feef150000 - 0x000007feef15a000 	C:\Users\CGlenovo\AppData\Local\Temp\jansi-1.17.1-3659716453604032844.dll
0x000007fef4e30000 - 0x000007fef4f55000 	C:\Windows\system32\dbghelp.dll

VM Arguments:
jvm_args: -Dmaven.home=EMBEDDED -Dclassworlds.conf=C:\Users\CGlenovo\workspace\.metadata\.plugins\org.eclipse.m2e.launching\launches\m2conf16624372361848687240.tmp -Dmaven.multiModuleProjectDirectory=C:\Users\CGlenovo\Downloads\camel-amqp-example-master -DECLIPSE_PROCESS_NAME='Local Camel Context' -Dmaven.test.skip=false -Dorg.apache.camel.jmx.createRmiConnector=True -Dfile.encoding=UTF-8 
java_command: org.codehaus.plexus.classworlds.launcher.Launcher -B -s C:\Users\CGlenovo\.m2\settings.xml -U clean package org.springframework.boot:spring-boot-maven-plugin:run -Dcamel.fileApplicationContextUri=file:/C:/Users/CGlenovo/Downloads/camel-amqp-example-master/src/main/resources/spring/camel-context.xml
java_class_path (initial): C:\Users\CGlenovo\codereadystudio\studio\plugins\org.eclipse.m2e.maven.runtime_1.13.0.20190716-1623\jars\plexus-classworlds-2.6.0.jar
Launcher Type: SUN_STANDARD

Environment Variables:
JAVA_HOME=C:\Program Files\Java\java-1.8.0-openjdk-1.8.0.232-3.b09.redhat.windows.x86_64
PATH=C:\dev1\apache-maven-3.6.3\bin;C:\Program Files\Git\cmd;C:\Program Files (x86)\OpenShift
USERNAME=CGlenovo
OS=Windows_NT
PROCESSOR_IDENTIFIER=Intel64 Family 6 Model 42 Stepping 7, GenuineIntel



---------------  S Y S T E M  ---------------

OS: Windows 7 , 64 bit Build 7600 (6.1.7600.16816)

CPU:total 2 (initial active 2) (2 cores per cpu, 1 threads per core) family 6 model 42 stepping 7, cmov, cx8, fxsr, mmx, sse, sse2, sse3, ssse3, sse4.1, sse4.2, popcnt, clmul, tsc, tscinvbit

Memory: 4k page, physical 8233372k(1361140k free), swap 16464848k(7646796k free)

vm_info: OpenJDK 64-Bit Server VM (25.232-b09) for windows-amd64 JRE (1.8.0_232-b09), built on Oct 20 2019 23:15:08 by "build" with MS VC++ 10.0 (VS2010)

time: Thu Feb 27 15:51:01 2020
timezone: India Standard Time
elapsed time: 4 seconds (0d 0h 0m 4s)

